\BOOKMARK [0][-]{chapter.1}{\376\377\000M\000o\000d\000\351\000l\000i\000s\000a\000t\000i\000o\000n\000\040\000d\000u\000\040\000m\000\351\000t\000a\000b\000o\000l\000i\000s\000m\000e\000:\000\040\000d\000'\000u\000n\000e\000\040\000c\000e\000l\000l\000u\000l\000e\000\040\000\340\000\040\000u\000n\000\040\000\351\000c\000o\000s\000y\000s\000t\000\350\000m\000e}{}% 1
\BOOKMARK [1][-]{section.1.1}{\376\377\000L\000e\000s\000\040\000m\000o\000d\000\350\000l\000e\000s\000\040\000d\000u\000\040\000m\000\351\000t\000a\000b\000o\000l\000i\000s\000m\000e\000\040\000c\000o\000m\000m\000e\000\040\000s\000u\000p\000p\000o\000r\000t\000\040\000d\000e\000\040\000l\000'\000a\000n\000a\000l\000y\000s\000e\000\040\000m\000i\000c\000r\000o\000b\000i\000e\000n\000n\000e}{chapter.1}% 2
\BOOKMARK [2][-]{subsection.1.1.1}{\376\377\000R\000e\000c\000o\000n\000s\000t\000r\000u\000c\000t\000i\000o\000n\000\040\000d\000e\000\040\000r\000\351\000s\000e\000a\000u\000x\000\040\000m\000\351\000t\000a\000b\000o\000l\000i\000q\000u\000e\000s}{section.1.1}% 3
\BOOKMARK [2][-]{subsection.1.1.2}{\376\377\000R\000e\000p\000r\000\351\000s\000e\000n\000t\000a\000t\000i\000o\000n\000s\000\040\000m\000a\000t\000h\000\351\000m\000a\000t\000i\000q\000u\000e\000s\000\040\000e\000t\000\040\000i\000n\000f\000o\000r\000m\000a\000t\000i\000q\000u\000e\000s\000\040\000d\000u\000\040\000m\000\351\000t\000a\000b\000o\000l\000i\000s\000m\000e}{section.1.1}% 4
\BOOKMARK [3][-]{subsubsection.1.1.2.1}{\376\377\000M\000a\000t\000r\000i\000c\000e\000\040\000s\000t\001\123\000c\000h\000i\000o\000m\000\351\000t\000r\000i\000q\000u\000e}{subsection.1.1.2}% 5
\BOOKMARK [3][-]{subsubsection.1.1.2.2}{\376\377\000G\000r\000a\000p\000h\000e}{subsection.1.1.2}% 6
\BOOKMARK [2][-]{subsection.1.1.3}{\376\377\000A\000n\000a\000l\000y\000s\000e\000\040\000s\000t\000r\000u\000c\000t\000u\000r\000e\000l\000l\000e\000\040\000d\000e\000\040\000r\000\351\000s\000e\000a\000u\000x\000\040\000m\000\351\000t\000a\000b\000o\000l\000i\000q\000u\000e\000s}{section.1.1}% 7
\BOOKMARK [1][-]{section.1.2}{\376\377\000M\000o\000d\000\351\000l\000i\000s\000a\000t\000i\000o\000n\000\040\000m\000\351\000t\000a\000b\000o\000l\000i\000q\000u\000e\000\040\000\340\000\040\000l\000'\000\351\000c\000h\000e\000l\000l\000e\000\040\000d\000'\000u\000n\000\040\000g\000\351\000n\000o\000m\000e}{chapter.1}% 8
\BOOKMARK [2][-]{subsection.1.2.1}{\376\377\000M\000\351\000t\000h\000o\000d\000e\000s\000\040\000n\000u\000m\000\351\000r\000i\000q\000u\000e\000s\000\040\000d\000'\000u\000n\000\040\000r\000\351\000s\000e\000a\000u\000\040\000m\000\351\000t\000a\000b\000o\000l\000i\000q\000u\000e}{section.1.2}% 9
\BOOKMARK [3][-]{subsubsection.1.2.1.1}{\376\377\000C\000o\000n\000s\000t\000a\000n\000t\000e\000s\000\040\000c\000i\000n\000\351\000t\000i\000q\000u\000e\000s\000\040\000d\000e\000s\000\040\000r\000\351\000a\000c\000t\000i\000o\000n\000s}{subsection.1.2.1}% 10
\BOOKMARK [3][-]{subsubsection.1.2.1.2}{\376\377\000C\000o\000n\000t\000r\000a\000i\000n\000t\000e\000s\000\040\000n\000u\000m\000\351\000r\000i\000q\000u\000e\000s}{subsection.1.2.1}% 11
\BOOKMARK [3][-]{subsubsection.1.2.1.3}{\376\377\000I\000n\000t\000\351\000g\000r\000a\000t\000i\000o\000n\000\040\000d\000e\000\040\000d\000o\000n\000n\000\351\000e\000s\000\040\000m\000u\000l\000t\000i\000-\000o\000m\000i\000q\000u\000e\000s}{subsection.1.2.1}% 12
\BOOKMARK [2][-]{subsection.1.2.2}{\376\377\000M\000\351\000t\000h\000o\000d\000e\000s\000\040\000q\000u\000a\000l\000i\000t\000a\000t\000i\000v\000e\000s\000\040\000d\000'\000a\000n\000a\000l\000y\000s\000e\000\040\000d\000'\000u\000n\000\040\000r\000\351\000s\000e\000a\000u\000\040\000m\000\351\000t\000a\000b\000o\000l\000i\000q\000u\000e}{section.1.2}% 13
\BOOKMARK [3][-]{subsubsection.1.2.2.1}{\376\377\000R\000\351\000s\000o\000l\000u\000t\000i\000o\000n\000\040\000d\000e\000\040\000p\000r\000o\000b\000l\000\350\000m\000e\000s\000\040\000S\000A\000T\000\040\000e\000t\000\040\000S\000A\000T\000\040\000d\000\351\000r\000i\000v\000\351\000s\000\040}{subsection.1.2.2}% 14
\BOOKMARK [3][-]{subsubsection.1.2.2.2}{\376\377\000G\000r\000a\000p\000h\000e\000s}{subsection.1.2.2}% 15
\BOOKMARK [3][-]{subsubsection.1.2.2.3}{\376\377\000P\000r\000o\000b\000l\000\350\000m\000e\000\040\000S\000A\000T}{subsection.1.2.2}% 16
\BOOKMARK [3][-]{subsubsection.1.2.2.4}{\376\377\000A\000p\000p\000l\000i\000c\000a\000t\000i\000o\000n\000\040\000\340\000\040\000d\000e\000s\000\040\000p\000r\000o\000b\000l\000\350\000m\000e\000s\000\040\000b\000i\000o\000l\000o\000g\000i\000q\000u\000e\000s}{subsection.1.2.2}% 17
\BOOKMARK [2][-]{subsection.1.2.3}{\376\377\000D\000\351\000f\000i\000s\000\040\000r\000e\000n\000c\000o\000n\000t\000r\000\351\000s\000\040\000l\000o\000r\000s\000\040\000d\000e\000\040\000l\000a\000\040\000m\000o\000d\000\351\000l\000i\000s\000a\000t\000i\000o\000n\000\040\000q\000u\000a\000l\000i\000t\000a\000t\000i\000v\000e\000\040\000e\000t\000\040\000n\000u\000m\000\351\000r\000i\000q\000u\000e\000\040\000d\000'\000u\000n\000e\000\040\000c\000e\000l\000l\000u\000l\000e}{section.1.2}% 18
\BOOKMARK [2][-]{subsection.1.2.4}{\376\377\000M\000\351\000t\000h\000o\000d\000e\000s\000\040\000h\000y\000b\000r\000i\000d\000e\000s\000\040\000d\000e\000\040\000m\000o\000d\000\351\000l\000i\000s\000a\000t\000i\000o\000n\000\040\000\340\000\040\000l\000'\000\351\000c\000h\000e\000l\000l\000e\000\040\000d\000'\000u\000n\000\040\000m\000o\000d\000\350\000l\000e\000\040\000m\000\351\000t\000a\000b\000o\000l\000i\000q\000u\000e}{section.1.2}% 19
\BOOKMARK [3][-]{subsubsection.1.2.4.1}{\376\377\000I\000n\000d\000\351\000p\000e\000n\000d\000a\000n\000t\000s}{subsection.1.2.4}% 20
\BOOKMARK [3][-]{subsubsection.1.2.4.2}{\376\377\000C\000o\000u\000p\000l\000\351}{subsection.1.2.4}% 21
\BOOKMARK [1][-]{section.1.3}{\376\377\000M\000o\000d\000\351\000l\000i\000s\000a\000t\000i\000o\000n\000\040\000d\000u\000\040\000m\000\351\000t\000a\000b\000o\000l\000i\000s\000m\000e\000\040\000d\000e\000s\000\040\000\351\000c\000o\000s\000y\000s\000t\000\350\000m\000e\000s\000\040\000m\000i\000c\000r\000o\000b\000i\000e\000n\000s}{chapter.1}% 22
\BOOKMARK [2][-]{subsection.1.3.1}{\376\377\000M\000\351\000t\000h\000o\000d\000e\000s\000\040\000n\000u\000m\000\351\000r\000i\000q\000u\000e\000s\000\040\000a\000p\000p\000l\000i\000q\000u\000\351\000e\000s\000\040\000\340\000\040\000p\000l\000u\000s\000i\000e\000u\000r\000s\000\040\000r\000\351\000s\000e\000a\000u\000x\000\040\000m\000\351\000t\000a\000b\000o\000l\000i\000q\000u\000e\000s}{section.1.3}% 23
\BOOKMARK [3][-]{subsubsection.1.3.1.1}{\376\377\000\311\000q\000u\000a\000t\000i\000o\000n\000s\000\040\000d\000i\000f\000f\000\351\000r\000e\000n\000t\000i\000e\000l\000l\000e\000s\000\040\000o\000r\000d\000i\000n\000a\000i\000r\000e\000s\000\040\000\050\000O\000D\000E\000\051}{subsection.1.3.1}% 24
\BOOKMARK [3][-]{subsubsection.1.3.1.2}{\376\377\000A\000n\000a\000l\000y\000s\000e\000\040\000s\000t\000a\000t\000i\000q\000u\000e\000\040\000s\000o\000u\000s\000\040\000c\000o\000n\000t\000r\000a\000i\000n\000t\000e\000s}{subsection.1.3.1}% 25
\BOOKMARK [3][-]{subsubsection.1.3.1.3}{\376\377\000A\000n\000a\000l\000y\000s\000e\000\040\000d\000y\000n\000a\000m\000i\000q\000u\000e\000\040\000s\000o\000u\000s\000\040\000c\000o\000n\000t\000r\000a\000i\000n\000t\000e\000s}{subsection.1.3.1}% 26
\BOOKMARK [2][-]{subsection.1.3.2}{\376\377\000A\000p\000p\000l\000i\000c\000a\000t\000i\000o\000n\000s}{section.1.3}% 27
\BOOKMARK [2][-]{subsection.1.3.3}{\376\377\000M\000\351\000t\000h\000o\000d\000e\000s\000\040\000e\000t\000\040\000m\000o\000d\000\350\000l\000e\000s\000\040\000q\000u\000a\000l\000i\000t\000a\000t\000i\000f\000s\000\040\000d\000e\000\040\000l\000'\000\351\000t\000u\000d\000e\000\040\000d\000'\000u\000n\000e\000\040\000c\000o\000m\000m\000u\000n\000a\000u\000t\000\351\000\040\000b\000a\000c\000t\000\351\000r\000i\000e\000n\000n\000e}{section.1.3}% 28
\BOOKMARK [3][-]{subsubsection.1.3.3.1}{\376\377\000A\000p\000p\000r\000o\000c\000h\000e\000s\000\040\000b\000a\000s\000\351\000e\000s\000\040\000s\000u\000r\000\040\000l\000e\000s\000\040\000g\000r\000a\000p\000h\000e\000s}{subsection.1.3.3}% 29
\BOOKMARK [3][-]{subsubsection.1.3.3.2}{\376\377\000M\000o\000d\000\350\000l\000e\000\040\000b\000a\000s\000\351\000s\000\040\000s\000u\000r\000\040\000l\000e\000\040\000r\000a\000i\000s\000o\000n\000n\000e\000m\000e\000n\000t}{subsection.1.3.3}% 30
\BOOKMARK [2][-]{subsection.1.3.4}{\376\377\000D\000\351\000f\000i\000s\000\040\000r\000e\000n\000c\000o\000n\000t\000r\000\351\000s\000\040\000l\000o\000r\000s\000\040\000d\000e\000\040\000l\000'\000a\000n\000a\000l\000y\000s\000e\000\040\000d\000e\000\040\000l\000a\000\040\000m\000o\000d\000\351\000l\000i\000s\000a\000t\000i\000o\000n\000\040\000q\000u\000a\000l\000i\000t\000a\000t\000i\000v\000e\000\040\000e\000t\000\040\000q\000u\000a\000n\000t\000i\000t\000a\000t\000i\000v\000e\000\040\000d\000u\000\040\000m\000\351\000t\000a\000b\000o\000l\000i\000s\000m\000e\000\040\000d\000e\000s\000\040\000c\000o\000m\000m\000u\000n\000a\000u\000t\000\351\000s}{section.1.3}% 31
