This is pdfTeX, Version 3.141592653-2.6-1.40.22 (TeX Live 2021) (preloaded format=pdflatex 2023.6.9)  16 OCT 2023 16:25
entering extended mode
 %&-line parsing enabled.
**tango2.tex
(./tango2.tex
LaTeX2e <2020-10-01> patch level 4
L3 programming layer <2021-02-18>
(/usr/local/texlive/2021/texmf-dist/tex/latex/subfiles/subfiles.cls
Document Class: subfiles 2020/11/14 v2.2 Multi-file projects (class)
Preamble taken from file `../main.tex'
(/usr/local/texlive/2021/texmf-dist/tex/latex/import/import.sty
Package: import 2020/04/01  v 6.2
) (../main.tex
(/usr/local/texlive/2021/texmf-dist/tex/latex/base/report.cls
Document Class: report 2020/04/10 v1.4m Standard LaTeX document class
(/usr/local/texlive/2021/texmf-dist/tex/latex/base/size12.clo
File: size12.clo 2020/04/10 v1.4m Standard LaTeX file (size option)
)
\c@part=\count179
\c@chapter=\count180
\c@section=\count181
\c@subsection=\count182
\c@subsubsection=\count183
\c@paragraph=\count184
\c@subparagraph=\count185
\c@figure=\count186
\c@table=\count187
\abovecaptionskip=\skip47
\belowcaptionskip=\skip48
\bibindent=\dimen138
)
(/usr/local/texlive/2021/texmf-dist/tex/latex/geometry/geometry.sty
Package: geometry 2020/01/02 v5.9 Page Geometry

(/usr/local/texlive/2021/texmf-dist/tex/latex/graphics/keyval.sty
Package: keyval 2014/10/28 v1.15 key=value parser (DPC)
\KV@toks@=\toks15
)
(/usr/local/texlive/2021/texmf-dist/tex/generic/iftex/ifvtex.sty
Package: ifvtex 2019/10/25 v1.7 ifvtex legacy package. Use iftex instead.

(/usr/local/texlive/2021/texmf-dist/tex/generic/iftex/iftex.sty
Package: iftex 2020/03/06 v1.0d TeX engine tests
))
\Gm@cnth=\count188
\Gm@cntv=\count189
\c@Gm@tempcnt=\count190
\Gm@bindingoffset=\dimen139
\Gm@wd@mp=\dimen140
\Gm@odd@mp=\dimen141
\Gm@even@mp=\dimen142
\Gm@layoutwidth=\dimen143
\Gm@layoutheight=\dimen144
\Gm@layouthoffset=\dimen145
\Gm@layoutvoffset=\dimen146
\Gm@dimlist=\toks16
)
(/usr/local/texlive/2021/texmf-dist/tex/latex/base/fontenc.sty
Package: fontenc 2020/08/10 v2.0s Standard LaTeX package
)
(/usr/local/texlive/2021/texmf-dist/tex/latex/base/inputenc.sty
Package: inputenc 2020/08/01 v1.3d Input encoding file
\inpenc@prehook=\toks17
\inpenc@posthook=\toks18
)
(/usr/local/texlive/2021/texmf-dist/tex/latex/graphics/graphicx.sty
Package: graphicx 2020/09/09 v1.2b Enhanced LaTeX Graphics (DPC,SPQR)

(/usr/local/texlive/2021/texmf-dist/tex/latex/graphics/graphics.sty
Package: graphics 2020/08/30 v1.4c Standard LaTeX Graphics (DPC,SPQR)

(/usr/local/texlive/2021/texmf-dist/tex/latex/graphics/trig.sty
Package: trig 2016/01/03 v1.10 sin cos tan (DPC)
)
(/usr/local/texlive/2021/texmf-dist/tex/latex/graphics-cfg/graphics.cfg
File: graphics.cfg 2016/06/04 v1.11 sample graphics configuration
)
Package graphics Info: Driver file: pdftex.def on input line 105.

(/usr/local/texlive/2021/texmf-dist/tex/latex/graphics-def/pdftex.def
File: pdftex.def 2020/10/05 v1.2a Graphics/color driver for pdftex
))
\Gin@req@height=\dimen147
\Gin@req@width=\dimen148
)
(/usr/local/texlive/2021/texmf-dist/tex/latex/setspace/setspace.sty
Package: setspace 2011/12/19 v6.7a set line spacing
)
(/usr/local/texlive/2021/texmf-dist/tex/latex/comment/comment.sty
\CommentStream=\write3

Excluding comment 'comment')
(/usr/local/texlive/2021/texmf-dist/tex/latex/amsmath/amsmath.sty
Package: amsmath 2020/09/23 v2.17i AMS math features
\@mathmargin=\skip49

For additional information on amsmath, use the `?' option.
(/usr/local/texlive/2021/texmf-dist/tex/latex/amsmath/amstext.sty
Package: amstext 2000/06/29 v2.01 AMS text

(/usr/local/texlive/2021/texmf-dist/tex/latex/amsmath/amsgen.sty
File: amsgen.sty 1999/11/30 v2.0 generic functions
\@emptytoks=\toks19
\ex@=\dimen149
))
(/usr/local/texlive/2021/texmf-dist/tex/latex/amsmath/amsbsy.sty
Package: amsbsy 1999/11/29 v1.2d Bold Symbols
\pmbraise@=\dimen150
)
(/usr/local/texlive/2021/texmf-dist/tex/latex/amsmath/amsopn.sty
Package: amsopn 2016/03/08 v2.02 operator names
)
\inf@bad=\count191
LaTeX Info: Redefining \frac on input line 234.
\uproot@=\count192
\leftroot@=\count193
LaTeX Info: Redefining \overline on input line 399.
\classnum@=\count194
\DOTSCASE@=\count195
LaTeX Info: Redefining \ldots on input line 496.
LaTeX Info: Redefining \dots on input line 499.
LaTeX Info: Redefining \cdots on input line 620.
\Mathstrutbox@=\box47
\strutbox@=\box48
\big@size=\dimen151
LaTeX Font Info:    Redeclaring font encoding OML on input line 743.
LaTeX Font Info:    Redeclaring font encoding OMS on input line 744.
\macc@depth=\count196
\c@MaxMatrixCols=\count197
\dotsspace@=\muskip16
\c@parentequation=\count198
\dspbrk@lvl=\count199
\tag@help=\toks20
\row@=\count266
\column@=\count267
\maxfields@=\count268
\andhelp@=\toks21
\eqnshift@=\dimen152
\alignsep@=\dimen153
\tagshift@=\dimen154
\tagwidth@=\dimen155
\totwidth@=\dimen156
\lineht@=\dimen157
\@envbody=\toks22
\multlinegap=\skip50
\multlinetaggap=\skip51
\mathdisplay@stack=\toks23
LaTeX Info: Redefining \[ on input line 2923.
LaTeX Info: Redefining \] on input line 2924.
)
(/usr/local/texlive/2021/texmf-dist/tex/latex/natbib/natbib.sty
Package: natbib 2010/09/13 8.31b (PWD, AO)
\bibhang=\skip52
\bibsep=\skip53
LaTeX Info: Redefining \cite on input line 694.
\c@NAT@ctr=\count269
)
(/usr/local/texlive/2021/texmf-dist/tex/latex/xcolor/xcolor.sty
Package: xcolor 2016/05/11 v2.12 LaTeX color extensions (UK)

(/usr/local/texlive/2021/texmf-dist/tex/latex/graphics-cfg/color.cfg
File: color.cfg 2016/01/02 v1.6 sample color configuration
)
Package xcolor Info: Driver file: pdftex.def on input line 225.
Package xcolor Info: Model `cmy' substituted by `cmy0' on input line 1348.
Package xcolor Info: Model `hsb' substituted by `rgb' on input line 1352.
Package xcolor Info: Model `RGB' extended on input line 1364.
Package xcolor Info: Model `HTML' substituted by `rgb' on input line 1366.
Package xcolor Info: Model `Hsb' substituted by `hsb' on input line 1367.
Package xcolor Info: Model `tHsb' substituted by `hsb' on input line 1368.
Package xcolor Info: Model `HSB' substituted by `hsb' on input line 1369.
Package xcolor Info: Model `Gray' substituted by `gray' on input line 1370.
Package xcolor Info: Model `wave' substituted by `hsb' on input line 1371.
)
(/usr/local/texlive/2021/texmf-dist/tex/latex/pgf/frontendlayer/tikz.sty
(/usr/local/texlive/2021/texmf-dist/tex/latex/pgf/basiclayer/pgf.sty
(/usr/local/texlive/2021/texmf-dist/tex/latex/pgf/utilities/pgfrcs.sty
(/usr/local/texlive/2021/texmf-dist/tex/generic/pgf/utilities/pgfutil-common.te
x
\pgfutil@everybye=\toks24
\pgfutil@tempdima=\dimen158
\pgfutil@tempdimb=\dimen159

(/usr/local/texlive/2021/texmf-dist/tex/generic/pgf/utilities/pgfutil-common-li
sts.tex))
(/usr/local/texlive/2021/texmf-dist/tex/generic/pgf/utilities/pgfutil-latex.def
\pgfutil@abb=\box49
) (/usr/local/texlive/2021/texmf-dist/tex/generic/pgf/utilities/pgfrcs.code.tex
(/usr/local/texlive/2021/texmf-dist/tex/generic/pgf/pgf.revision.tex)
Package: pgfrcs 2020/12/27 v3.1.8b (3.1.8b)
))
Package: pgf 2020/12/27 v3.1.8b (3.1.8b)

(/usr/local/texlive/2021/texmf-dist/tex/latex/pgf/basiclayer/pgfcore.sty
(/usr/local/texlive/2021/texmf-dist/tex/latex/pgf/systemlayer/pgfsys.sty
(/usr/local/texlive/2021/texmf-dist/tex/generic/pgf/systemlayer/pgfsys.code.tex
Package: pgfsys 2020/12/27 v3.1.8b (3.1.8b)
(/usr/local/texlive/2021/texmf-dist/tex/generic/pgf/utilities/pgfkeys.code.tex
\pgfkeys@pathtoks=\toks25
\pgfkeys@temptoks=\toks26

(/usr/local/texlive/2021/texmf-dist/tex/generic/pgf/utilities/pgfkeysfiltered.c
ode.tex
\pgfkeys@tmptoks=\toks27
))
\pgf@x=\dimen160
\pgf@y=\dimen161
\pgf@xa=\dimen162
\pgf@ya=\dimen163
\pgf@xb=\dimen164
\pgf@yb=\dimen165
\pgf@xc=\dimen166
\pgf@yc=\dimen167
\pgf@xd=\dimen168
\pgf@yd=\dimen169
\w@pgf@writea=\write4
\r@pgf@reada=\read2
\c@pgf@counta=\count270
\c@pgf@countb=\count271
\c@pgf@countc=\count272
\c@pgf@countd=\count273
\t@pgf@toka=\toks28
\t@pgf@tokb=\toks29
\t@pgf@tokc=\toks30
\pgf@sys@id@count=\count274

(/usr/local/texlive/2021/texmf-dist/tex/generic/pgf/systemlayer/pgf.cfg
File: pgf.cfg 2020/12/27 v3.1.8b (3.1.8b)
)
Driver file for pgf: pgfsys-pdftex.def

(/usr/local/texlive/2021/texmf-dist/tex/generic/pgf/systemlayer/pgfsys-pdftex.d
ef
File: pgfsys-pdftex.def 2020/12/27 v3.1.8b (3.1.8b)

(/usr/local/texlive/2021/texmf-dist/tex/generic/pgf/systemlayer/pgfsys-common-p
df.def
File: pgfsys-common-pdf.def 2020/12/27 v3.1.8b (3.1.8b)
)))
(/usr/local/texlive/2021/texmf-dist/tex/generic/pgf/systemlayer/pgfsyssoftpath.
code.tex
File: pgfsyssoftpath.code.tex 2020/12/27 v3.1.8b (3.1.8b)
\pgfsyssoftpath@smallbuffer@items=\count275
\pgfsyssoftpath@bigbuffer@items=\count276
)
(/usr/local/texlive/2021/texmf-dist/tex/generic/pgf/systemlayer/pgfsysprotocol.
code.tex
File: pgfsysprotocol.code.tex 2020/12/27 v3.1.8b (3.1.8b)
))
(/usr/local/texlive/2021/texmf-dist/tex/generic/pgf/basiclayer/pgfcore.code.tex
Package: pgfcore 2020/12/27 v3.1.8b (3.1.8b)
(/usr/local/texlive/2021/texmf-dist/tex/generic/pgf/math/pgfmath.code.tex
(/usr/local/texlive/2021/texmf-dist/tex/generic/pgf/math/pgfmathcalc.code.tex
(/usr/local/texlive/2021/texmf-dist/tex/generic/pgf/math/pgfmathutil.code.tex)
(/usr/local/texlive/2021/texmf-dist/tex/generic/pgf/math/pgfmathparser.code.tex
\pgfmath@dimen=\dimen170
\pgfmath@count=\count277
\pgfmath@box=\box50
\pgfmath@toks=\toks31
\pgfmath@stack@operand=\toks32
\pgfmath@stack@operation=\toks33
)
(/usr/local/texlive/2021/texmf-dist/tex/generic/pgf/math/pgfmathfunctions.code.
tex
(/usr/local/texlive/2021/texmf-dist/tex/generic/pgf/math/pgfmathfunctions.basic
.code.tex)
(/usr/local/texlive/2021/texmf-dist/tex/generic/pgf/math/pgfmathfunctions.trigo
nometric.code.tex)
(/usr/local/texlive/2021/texmf-dist/tex/generic/pgf/math/pgfmathfunctions.rando
m.code.tex)
(/usr/local/texlive/2021/texmf-dist/tex/generic/pgf/math/pgfmathfunctions.compa
rison.code.tex)
(/usr/local/texlive/2021/texmf-dist/tex/generic/pgf/math/pgfmathfunctions.base.
code.tex)
(/usr/local/texlive/2021/texmf-dist/tex/generic/pgf/math/pgfmathfunctions.round
.code.tex)
(/usr/local/texlive/2021/texmf-dist/tex/generic/pgf/math/pgfmathfunctions.misc.
code.tex)
(/usr/local/texlive/2021/texmf-dist/tex/generic/pgf/math/pgfmathfunctions.integ
erarithmetics.code.tex)))
(/usr/local/texlive/2021/texmf-dist/tex/generic/pgf/math/pgfmathfloat.code.tex
\c@pgfmathroundto@lastzeros=\count278
)) (/usr/local/texlive/2021/texmf-dist/tex/generic/pgf/math/pgfint.code.tex)
(/usr/local/texlive/2021/texmf-dist/tex/generic/pgf/basiclayer/pgfcorepoints.co
de.tex
File: pgfcorepoints.code.tex 2020/12/27 v3.1.8b (3.1.8b)
\pgf@picminx=\dimen171
\pgf@picmaxx=\dimen172
\pgf@picminy=\dimen173
\pgf@picmaxy=\dimen174
\pgf@pathminx=\dimen175
\pgf@pathmaxx=\dimen176
\pgf@pathminy=\dimen177
\pgf@pathmaxy=\dimen178
\pgf@xx=\dimen179
\pgf@xy=\dimen180
\pgf@yx=\dimen181
\pgf@yy=\dimen182
\pgf@zx=\dimen183
\pgf@zy=\dimen184
)
(/usr/local/texlive/2021/texmf-dist/tex/generic/pgf/basiclayer/pgfcorepathconst
ruct.code.tex
File: pgfcorepathconstruct.code.tex 2020/12/27 v3.1.8b (3.1.8b)
\pgf@path@lastx=\dimen185
\pgf@path@lasty=\dimen186
)
(/usr/local/texlive/2021/texmf-dist/tex/generic/pgf/basiclayer/pgfcorepathusage
.code.tex
File: pgfcorepathusage.code.tex 2020/12/27 v3.1.8b (3.1.8b)
\pgf@shorten@end@additional=\dimen187
\pgf@shorten@start@additional=\dimen188
)
(/usr/local/texlive/2021/texmf-dist/tex/generic/pgf/basiclayer/pgfcorescopes.co
de.tex
File: pgfcorescopes.code.tex 2020/12/27 v3.1.8b (3.1.8b)
\pgfpic=\box51
\pgf@hbox=\box52
\pgf@layerbox@main=\box53
\pgf@picture@serial@count=\count279
)
(/usr/local/texlive/2021/texmf-dist/tex/generic/pgf/basiclayer/pgfcoregraphicst
ate.code.tex
File: pgfcoregraphicstate.code.tex 2020/12/27 v3.1.8b (3.1.8b)
\pgflinewidth=\dimen189
)
(/usr/local/texlive/2021/texmf-dist/tex/generic/pgf/basiclayer/pgfcoretransform
ations.code.tex
File: pgfcoretransformations.code.tex 2020/12/27 v3.1.8b (3.1.8b)
\pgf@pt@x=\dimen190
\pgf@pt@y=\dimen191
\pgf@pt@temp=\dimen192
)
(/usr/local/texlive/2021/texmf-dist/tex/generic/pgf/basiclayer/pgfcorequick.cod
e.tex
File: pgfcorequick.code.tex 2020/12/27 v3.1.8b (3.1.8b)
)
(/usr/local/texlive/2021/texmf-dist/tex/generic/pgf/basiclayer/pgfcoreobjects.c
ode.tex
File: pgfcoreobjects.code.tex 2020/12/27 v3.1.8b (3.1.8b)
)
(/usr/local/texlive/2021/texmf-dist/tex/generic/pgf/basiclayer/pgfcorepathproce
ssing.code.tex
File: pgfcorepathprocessing.code.tex 2020/12/27 v3.1.8b (3.1.8b)
)
(/usr/local/texlive/2021/texmf-dist/tex/generic/pgf/basiclayer/pgfcorearrows.co
de.tex
File: pgfcorearrows.code.tex 2020/12/27 v3.1.8b (3.1.8b)
\pgfarrowsep=\dimen193
)
(/usr/local/texlive/2021/texmf-dist/tex/generic/pgf/basiclayer/pgfcoreshade.cod
e.tex
File: pgfcoreshade.code.tex 2020/12/27 v3.1.8b (3.1.8b)
\pgf@max=\dimen194
\pgf@sys@shading@range@num=\count280
\pgf@shadingcount=\count281
)
(/usr/local/texlive/2021/texmf-dist/tex/generic/pgf/basiclayer/pgfcoreimage.cod
e.tex
File: pgfcoreimage.code.tex 2020/12/27 v3.1.8b (3.1.8b)

(/usr/local/texlive/2021/texmf-dist/tex/generic/pgf/basiclayer/pgfcoreexternal.
code.tex
File: pgfcoreexternal.code.tex 2020/12/27 v3.1.8b (3.1.8b)
\pgfexternal@startupbox=\box54
))
(/usr/local/texlive/2021/texmf-dist/tex/generic/pgf/basiclayer/pgfcorelayers.co
de.tex
File: pgfcorelayers.code.tex 2020/12/27 v3.1.8b (3.1.8b)
)
(/usr/local/texlive/2021/texmf-dist/tex/generic/pgf/basiclayer/pgfcoretranspare
ncy.code.tex
File: pgfcoretransparency.code.tex 2020/12/27 v3.1.8b (3.1.8b)
)
(/usr/local/texlive/2021/texmf-dist/tex/generic/pgf/basiclayer/pgfcorepatterns.
code.tex
File: pgfcorepatterns.code.tex 2020/12/27 v3.1.8b (3.1.8b)
)
(/usr/local/texlive/2021/texmf-dist/tex/generic/pgf/basiclayer/pgfcorerdf.code.
tex
File: pgfcorerdf.code.tex 2020/12/27 v3.1.8b (3.1.8b)
)))
(/usr/local/texlive/2021/texmf-dist/tex/generic/pgf/modules/pgfmoduleshapes.cod
e.tex
File: pgfmoduleshapes.code.tex 2020/12/27 v3.1.8b (3.1.8b)
\pgfnodeparttextbox=\box55
)
(/usr/local/texlive/2021/texmf-dist/tex/generic/pgf/modules/pgfmoduleplot.code.
tex
File: pgfmoduleplot.code.tex 2020/12/27 v3.1.8b (3.1.8b)
)
(/usr/local/texlive/2021/texmf-dist/tex/latex/pgf/compatibility/pgfcomp-version
-0-65.sty
Package: pgfcomp-version-0-65 2020/12/27 v3.1.8b (3.1.8b)
\pgf@nodesepstart=\dimen195
\pgf@nodesepend=\dimen196
)
(/usr/local/texlive/2021/texmf-dist/tex/latex/pgf/compatibility/pgfcomp-version
-1-18.sty
Package: pgfcomp-version-1-18 2020/12/27 v3.1.8b (3.1.8b)
))
(/usr/local/texlive/2021/texmf-dist/tex/latex/pgf/utilities/pgffor.sty
(/usr/local/texlive/2021/texmf-dist/tex/latex/pgf/utilities/pgfkeys.sty
(/usr/local/texlive/2021/texmf-dist/tex/generic/pgf/utilities/pgfkeys.code.tex)
) (/usr/local/texlive/2021/texmf-dist/tex/latex/pgf/math/pgfmath.sty
(/usr/local/texlive/2021/texmf-dist/tex/generic/pgf/math/pgfmath.code.tex))
(/usr/local/texlive/2021/texmf-dist/tex/generic/pgf/utilities/pgffor.code.tex
Package: pgffor 2020/12/27 v3.1.8b (3.1.8b)

(/usr/local/texlive/2021/texmf-dist/tex/generic/pgf/math/pgfmath.code.tex)
\pgffor@iter=\dimen197
\pgffor@skip=\dimen198
\pgffor@stack=\toks34
\pgffor@toks=\toks35
))
(/usr/local/texlive/2021/texmf-dist/tex/generic/pgf/frontendlayer/tikz/tikz.cod
e.tex
Package: tikz 2020/12/27 v3.1.8b (3.1.8b)

(/usr/local/texlive/2021/texmf-dist/tex/generic/pgf/libraries/pgflibraryplothan
dlers.code.tex
File: pgflibraryplothandlers.code.tex 2020/12/27 v3.1.8b (3.1.8b)
\pgf@plot@mark@count=\count282
\pgfplotmarksize=\dimen199
)
\tikz@lastx=\dimen256
\tikz@lasty=\dimen257
\tikz@lastxsaved=\dimen258
\tikz@lastysaved=\dimen259
\tikz@lastmovetox=\dimen260
\tikz@lastmovetoy=\dimen261
\tikzleveldistance=\dimen262
\tikzsiblingdistance=\dimen263
\tikz@figbox=\box56
\tikz@figbox@bg=\box57
\tikz@tempbox=\box58
\tikz@tempbox@bg=\box59
\tikztreelevel=\count283
\tikznumberofchildren=\count284
\tikznumberofcurrentchild=\count285
\tikz@fig@count=\count286

(/usr/local/texlive/2021/texmf-dist/tex/generic/pgf/modules/pgfmodulematrix.cod
e.tex
File: pgfmodulematrix.code.tex 2020/12/27 v3.1.8b (3.1.8b)
\pgfmatrixcurrentrow=\count287
\pgfmatrixcurrentcolumn=\count288
\pgf@matrix@numberofcolumns=\count289
)
\tikz@expandcount=\count290

(/usr/local/texlive/2021/texmf-dist/tex/generic/pgf/frontendlayer/tikz/librarie
s/tikzlibrarytopaths.code.tex
File: tikzlibrarytopaths.code.tex 2020/12/27 v3.1.8b (3.1.8b)
)))
(/usr/local/texlive/2021/texmf-dist/tex/latex/amsfonts/amssymb.sty
Package: amssymb 2013/01/14 v3.01 AMS font symbols

(/usr/local/texlive/2021/texmf-dist/tex/latex/amsfonts/amsfonts.sty
Package: amsfonts 2013/01/14 v3.01 Basic AMSFonts support
\symAMSa=\mathgroup4
\symAMSb=\mathgroup5
LaTeX Font Info:    Redeclaring math symbol \hbar on input line 98.
LaTeX Font Info:    Overwriting math alphabet `\mathfrak' in version `bold'
(Font)                  U/euf/m/n --> U/euf/b/n on input line 106.
))
(..//kbordermatrix.sty

LaTeX Warning: You have requested package `..//kbordermatrix',
               but the package provides `kbordermatrix'.

Package: kbordermatrix 2011/09/21 Bordered matrix with brackets
\kbcolsep=\skip54
\kbrowsep=\skip55
\br@kwd=\skip56
\k@bordht=\skip57
) (/usr/local/texlive/2021/texmf-dist/tex/latex/minitoc/minitoc.sty
Package: minitoc 2018/07/12 v62 Package minitoc

(/usr/local/texlive/2021/texmf-dist/tex/latex/minitoc/mtcmess.sty
Package: mtcmess 2006/03/14
)
Package minitoc Info: I0001
(minitoc)             *** minitoc package, version 62 ***.
\tf@mtc=\write5
\mtcindent=\skip58
\mtcskipamount=\skip59
Package minitoc Info: I0005
(minitoc)             compatible with hyperref.
Package minitoc Info: I0023
(minitoc)             part level macros available.
Package minitoc Info: I0003
(minitoc)             chapter level macros available.
\mtc@toks=\toks36
\mtc@strutbox=\box60
\mtc@hstrutbox=\box61
Package minitoc Info: I0002
(minitoc)             Autoconfiguration of extensions.
\openout5 = `tango2.mtc0'.

\openout5 = `tango2.mtc'.


(./tango2.mtc0)
Package minitoc Info: I0012
(minitoc)             Long extensions (Unix-like) will be used.
Package minitoc Info: I0031
(minitoc)             ==> this version is configured for UNIX-like 
(minitoc)                 (long extensions) file names.
\openout5 = `tango2.mtc'.

\openout5 = `tango2.mtc0'.

\c@mtc=\count291
\c@minitocdepth=\count292
\c@ptc=\count293
\c@parttocdepth=\count294
\ptcindent=\skip60
Package minitoc Info: I0010
(minitoc)             The english language is selected.
(minitoc)              on input line 4910.

(/usr/local/texlive/2021/texmf-dist/tex/latex/minitoc/english.mld
File: english.mld 2006/01/13
)
(/usr/local/texlive/2021/texmf-dist/tex/latex/minitoc/english.mld
File: english.mld 2006/01/13
)
Package minitoc Info: I0010
(minitoc)             The french language is selected.
(minitoc)              on input line 4911.

(/usr/local/texlive/2021/texmf-dist/tex/latex/minitoc/french.mld
File: french.mld 2006/03/21
))
(/usr/local/texlive/2021/texmf-dist/tex/generic/babel/babel.sty
Package: babel 2021/03/24 3.56 The Babel package

(/usr/local/texlive/2021/texmf-dist/tex/generic/babel/babel.def
File: babel.def 2021/03/24 3.56 Babel common definitions
\babel@savecnt=\count295
\U@D=\dimen264
\l@babelnohyphens=\language87

(/usr/local/texlive/2021/texmf-dist/tex/generic/babel/txtbabel.def)
\bbl@readstream=\read3
)
\bbl@dirlevel=\count296

(/usr/local/texlive/2021/texmf-dist/tex/generic/babel-french/french.ldf
Language: french 2020/10/10 v3.5l French support from the babel system
Package babel Info: \l@acadian = using hyphenrules for french
(babel)             (\language29) on input line 91.
Package babel Info: \l@canadien = using hyphenrules for french
(babel)             (\language29) on input line 92.
\FB@nonchar=\count297
Package babel Info: Making : an active character on input line 430.
Package babel Info: Making ; an active character on input line 431.
Package babel Info: Making ! an active character on input line 432.
Package babel Info: Making ? an active character on input line 433.
\FBguill@level=\count298
\FBold@everypar=\toks37
\FB@Mht=\dimen265
\mc@charclass=\count299
\mc@charfam=\count300
\mc@charslot=\count301
\std@mcc=\count302
\dec@mcc=\count303
\listindentFB=\dimen266
\descindentFB=\dimen267
\labelindentFB=\dimen268
\labelwidthFB=\dimen269
\leftmarginFB=\dimen270
\parindentFFN=\dimen271
\FBfnindent=\dimen272
))
(/usr/local/texlive/2021/texmf-dist/tex/latex/carlisle/scalefnt.sty)
(/usr/local/texlive/2021/texmf-dist/tex/latex/pdfpages/pdfpages.sty
Package: pdfpages 2021/03/06 v0.5t Insert pages of external PDF documents (AM)

(/usr/local/texlive/2021/texmf-dist/tex/latex/base/ifthen.sty
Package: ifthen 2014/09/29 v1.1c Standard LaTeX ifthen package (DPC)
)
(/usr/local/texlive/2021/texmf-dist/tex/latex/tools/calc.sty
Package: calc 2017/05/25 v4.3 Infix arithmetic (KKT,FJ)
\calc@Acount=\count304
\calc@Bcount=\count305
\calc@Adimen=\dimen273
\calc@Bdimen=\dimen274
\calc@Askip=\skip61
\calc@Bskip=\skip62
LaTeX Info: Redefining \setlength on input line 80.
LaTeX Info: Redefining \addtolength on input line 81.
\calc@Ccount=\count306
\calc@Cskip=\skip63
)
(/usr/local/texlive/2021/texmf-dist/tex/latex/eso-pic/eso-pic.sty
Package: eso-pic 2020/10/14 v3.0a eso-pic (RN)
\ESO@tempdima=\dimen275
\ESO@tempdimb=\dimen276
)
\AM@pagewidth=\dimen277
\AM@pageheight=\dimen278
\AM@fboxrule=\dimen279

(/usr/local/texlive/2021/texmf-dist/tex/latex/pdfpages/pppdftex.def
File: pppdftex.def 2021/03/06 v0.5t Pdfpages driver for pdfTeX (AM)
)
\pdfpages@includegraphics@status=\count307
\AM@pagebox=\box62
\AM@global@opts=\toks38
\AM@pagecnt=\count308
\AM@toc@title=\toks39
\c@AM@survey=\count309
\AM@templatesizebox=\box63
)
(/usr/local/texlive/2021/texmf-dist/tex/latex/hyperref/hyperref.sty
Package: hyperref 2021-02-27 v7.00k Hypertext links for LaTeX

(/usr/local/texlive/2021/texmf-dist/tex/generic/ltxcmds/ltxcmds.sty
Package: ltxcmds 2020-05-10 v1.25 LaTeX kernel commands for general use (HO)
)
(/usr/local/texlive/2021/texmf-dist/tex/generic/pdftexcmds/pdftexcmds.sty
Package: pdftexcmds 2020-06-27 v0.33 Utility functions of pdfTeX for LuaTeX (HO
)

(/usr/local/texlive/2021/texmf-dist/tex/generic/infwarerr/infwarerr.sty
Package: infwarerr 2019/12/03 v1.5 Providing info/warning/error messages (HO)
)
Package pdftexcmds Info: \pdf@primitive is available.
Package pdftexcmds Info: \pdf@ifprimitive is available.
Package pdftexcmds Info: \pdfdraftmode found.
)
(/usr/local/texlive/2021/texmf-dist/tex/generic/kvsetkeys/kvsetkeys.sty
Package: kvsetkeys 2019/12/15 v1.18 Key value parser (HO)
)
(/usr/local/texlive/2021/texmf-dist/tex/generic/kvdefinekeys/kvdefinekeys.sty
Package: kvdefinekeys 2019-12-19 v1.6 Define keys (HO)
)
(/usr/local/texlive/2021/texmf-dist/tex/generic/pdfescape/pdfescape.sty
Package: pdfescape 2019/12/09 v1.15 Implements pdfTeX's escape features (HO)
)
(/usr/local/texlive/2021/texmf-dist/tex/latex/hycolor/hycolor.sty
Package: hycolor 2020-01-27 v1.10 Color options for hyperref/bookmark (HO)
)
(/usr/local/texlive/2021/texmf-dist/tex/latex/letltxmacro/letltxmacro.sty
Package: letltxmacro 2019/12/03 v1.6 Let assignment for LaTeX macros (HO)
)
(/usr/local/texlive/2021/texmf-dist/tex/latex/auxhook/auxhook.sty
Package: auxhook 2019-12-17 v1.6 Hooks for auxiliary files (HO)
)
(/usr/local/texlive/2021/texmf-dist/tex/latex/kvoptions/kvoptions.sty
Package: kvoptions 2020-10-07 v3.14 Key value format for package options (HO)
)
\@linkdim=\dimen280
\Hy@linkcounter=\count310
\Hy@pagecounter=\count311

(/usr/local/texlive/2021/texmf-dist/tex/latex/hyperref/pd1enc.def
File: pd1enc.def 2021-02-27 v7.00k Hyperref: PDFDocEncoding definition (HO)
Now handling font encoding PD1 ...
... no UTF-8 mapping file for font encoding PD1
)
(/usr/local/texlive/2021/texmf-dist/tex/latex/hyperref/hyperref-langpatches.def
File: hyperref-langpatches.def 2021-02-27 v7.00k Hyperref: patches for babel la
nguages
) (/usr/local/texlive/2021/texmf-dist/tex/generic/intcalc/intcalc.sty
Package: intcalc 2019/12/15 v1.3 Expandable calculations with integers (HO)
)
(/usr/local/texlive/2021/texmf-dist/tex/generic/etexcmds/etexcmds.sty
Package: etexcmds 2019/12/15 v1.7 Avoid name clashes with e-TeX commands (HO)
)
\Hy@SavedSpaceFactor=\count312

(/usr/local/texlive/2021/texmf-dist/tex/latex/hyperref/puenc.def
File: puenc.def 2021-02-27 v7.00k Hyperref: PDF Unicode definition (HO)
Now handling font encoding PU ...
... no UTF-8 mapping file for font encoding PU
)
Package hyperref Info: Option `colorlinks' set `false' on input line 4073.
Package hyperref Info: Hyper figures OFF on input line 4192.
Package hyperref Info: Link nesting OFF on input line 4197.
Package hyperref Info: Hyper index ON on input line 4200.
Package hyperref Info: Plain pages OFF on input line 4207.
Package hyperref Info: Backreferencing OFF on input line 4212.
Package hyperref Info: Implicit mode ON; LaTeX internals redefined.
Package hyperref Info: Bookmarks ON on input line 4445.
\c@Hy@tempcnt=\count313

(/usr/local/texlive/2021/texmf-dist/tex/latex/url/url.sty
\Urlmuskip=\muskip17
Package: url 2013/09/16  ver 3.4  Verb mode for urls, etc.
)
LaTeX Info: Redefining \url on input line 4804.
\XeTeXLinkMargin=\dimen281

(/usr/local/texlive/2021/texmf-dist/tex/generic/bitset/bitset.sty
Package: bitset 2019/12/09 v1.3 Handle bit-vector datatype (HO)

(/usr/local/texlive/2021/texmf-dist/tex/generic/bigintcalc/bigintcalc.sty
Package: bigintcalc 2019/12/15 v1.5 Expandable calculations on big integers (HO
)
))
\Fld@menulength=\count314
\Field@Width=\dimen282
\Fld@charsize=\dimen283
Package hyperref Info: Hyper figures OFF on input line 6075.
Package hyperref Info: Link nesting OFF on input line 6080.
Package hyperref Info: Hyper index ON on input line 6083.
Package hyperref Info: backreferencing OFF on input line 6090.
Package hyperref Info: Link coloring OFF on input line 6095.
Package hyperref Info: Link coloring with OCG OFF on input line 6100.
Package hyperref Info: PDF/A mode OFF on input line 6105.
LaTeX Info: Redefining \ref on input line 6145.
LaTeX Info: Redefining \pageref on input line 6149.

(/usr/local/texlive/2021/texmf-dist/tex/latex/base/atbegshi-ltx.sty
Package: atbegshi-ltx 2020/08/17 v1.0a Emulation of the original atbegshi packa
ge
with kernel methods
)
\Hy@abspage=\count315
\c@Item=\count316
\c@Hfootnote=\count317
)
Package hyperref Info: Driver (autodetected): hpdftex.

(/usr/local/texlive/2021/texmf-dist/tex/latex/hyperref/hpdftex.def
File: hpdftex.def 2021-02-27 v7.00k Hyperref driver for pdfTeX

(/usr/local/texlive/2021/texmf-dist/tex/latex/base/atveryend-ltx.sty
Package: atveryend-ltx 2020/08/19 v1.0a Emulation of the original atvery packag
e
with kernel methods
)
\Fld@listcount=\count318
\c@bookmark@seq@number=\count319

(/usr/local/texlive/2021/texmf-dist/tex/latex/rerunfilecheck/rerunfilecheck.sty
Package: rerunfilecheck 2019/12/05 v1.9 Rerun checks for auxiliary files (HO)

(/usr/local/texlive/2021/texmf-dist/tex/generic/uniquecounter/uniquecounter.sty
Package: uniquecounter 2019/12/15 v1.4 Provide unlimited unique counter (HO)
)
Package uniquecounter Info: New unique counter `rerunfilecheck' on input line 2
86.
)
\Hy@SectionHShift=\skip64
) (/usr/local/texlive/2021/texmf-dist/tex/latex/mathtools/mathtools.sty
Package: mathtools 2021/03/18 v1.25 mathematical typesetting tools

(/usr/local/texlive/2021/texmf-dist/tex/latex/mathtools/mhsetup.sty
Package: mhsetup 2021/03/18 v1.4 programming setup (MH)
)
LaTeX Info: Thecontrolsequence`\('isalreadyrobust on input line 130.
LaTeX Info: Thecontrolsequence`\)'isalreadyrobust on input line 130.
LaTeX Info: Thecontrolsequence`\['isalreadyrobust on input line 130.
LaTeX Info: Thecontrolsequence`\]'isalreadyrobust on input line 130.
\g_MT_multlinerow_int=\count320
\l_MT_multwidth_dim=\dimen284
\origjot=\skip65
\l_MT_shortvdotswithinadjustabove_dim=\dimen285
\l_MT_shortvdotswithinadjustbelow_dim=\dimen286
\l_MT_above_intertext_sep=\dimen287
\l_MT_below_intertext_sep=\dimen288
\l_MT_above_shortintertext_sep=\dimen289
\l_MT_below_shortintertext_sep=\dimen290
\xmathstrut@box=\box64
\xmathstrut@dim=\dimen291
)
(/usr/local/texlive/2021/texmf-dist/tex/latex/appendix/appendix.sty
Package: appendix 2020/02/08 v1.2c extra appendix facilities
\c@@pps=\count321
\c@@ppsavesec=\count322
\c@@ppsaveapp=\count323
)
(/usr/local/texlive/2021/texmf-dist/tex/latex/adjustbox/adjustbox.sty
Package: adjustbox 2020/08/19 v1.3 Adjusting TeX boxes (trim, clip, ...)

(/usr/local/texlive/2021/texmf-dist/tex/latex/xkeyval/xkeyval.sty
Package: xkeyval 2020/11/20 v2.8 package option processing (HA)

(/usr/local/texlive/2021/texmf-dist/tex/generic/xkeyval/xkeyval.tex
(/usr/local/texlive/2021/texmf-dist/tex/generic/xkeyval/xkvutils.tex
\XKV@toks=\toks40
\XKV@tempa@toks=\toks41
)
\XKV@depth=\count324
File: xkeyval.tex 2014/12/03 v2.7a key=value parser (HA)
))
(/usr/local/texlive/2021/texmf-dist/tex/latex/adjustbox/adjcalc.sty
Package: adjcalc 2012/05/16 v1.1 Provides advanced setlength with multiple back
-ends (calc, etex, pgfmath)
)
(/usr/local/texlive/2021/texmf-dist/tex/latex/adjustbox/trimclip.sty
Package: trimclip 2020/08/19 v1.2 Trim and clip general TeX material

(/usr/local/texlive/2021/texmf-dist/tex/latex/collectbox/collectbox.sty
Package: collectbox 2012/05/17 v0.4b Collect macro arguments as boxes
\collectedbox=\box65
)
\tc@llx=\dimen292
\tc@lly=\dimen293
\tc@urx=\dimen294
\tc@ury=\dimen295
Package trimclip Info: Using driver 'tc-pdftex.def'.

(/usr/local/texlive/2021/texmf-dist/tex/latex/adjustbox/tc-pdftex.def
File: tc-pdftex.def 2019/01/04 v2.2 Clipping driver for pdftex
))
\adjbox@Width=\dimen296
\adjbox@Height=\dimen297
\adjbox@Depth=\dimen298
\adjbox@Totalheight=\dimen299
\adjbox@pwidth=\dimen300
\adjbox@pheight=\dimen301
\adjbox@pdepth=\dimen302
\adjbox@ptotalheight=\dimen303

(/usr/local/texlive/2021/texmf-dist/tex/latex/ifoddpage/ifoddpage.sty
Package: ifoddpage 2016/04/23 v1.1 Conditionals for odd/even page detection
\c@checkoddpage=\count325
)
(/usr/local/texlive/2021/texmf-dist/tex/latex/varwidth/varwidth.sty
Package: varwidth 2009/03/30 ver 0.92;  Variable-width minipages
\@vwid@box=\box66
\sift@deathcycles=\count326
\@vwid@loff=\dimen304
\@vwid@roff=\dimen305
))
(/usr/local/texlive/2021/texmf-dist/tex/latex/multirow/multirow.sty
Package: multirow 2021/03/15 v2.8 Span multiple rows of a table
\multirow@colwidth=\skip66
\multirow@cntb=\count327
\multirow@dima=\skip67
\bigstrutjot=\dimen306
)
(/usr/local/texlive/2021/texmf-dist/tex/latex/float/float.sty
Package: float 2001/11/08 v1.3d Float enhancements (AL)
\c@float@type=\count328
\float@exts=\toks42
\float@box=\box67
\@float@everytoks=\toks43
\@floatcapt=\box68
)
(/usr/local/texlive/2021/texmf-dist/tex/latex/siunitx/siunitx.sty
(/usr/local/texlive/2021/texmf-dist/tex/latex/l3kernel/expl3.sty
Package: expl3 2021-02-18 L3 programming layer (loader) 

(/usr/local/texlive/2021/texmf-dist/tex/latex/l3backend/l3backend-pdftex.def
File: l3backend-pdftex.def 2021-03-18 L3 backend support: PDF output (pdfTeX)
\l__color_backend_stack_int=\count329
\l__pdf_internal_box=\box69
))
(/usr/local/texlive/2021/texmf-dist/tex/latex/l3packages/xparse/xparse.sty
(/usr/local/texlive/2021/texmf-dist/tex/latex/l3packages/xparse/xparse-2020-10-
01.sty
(/usr/local/texlive/2021/texmf-dist/tex/latex/l3packages/xparse/xparse-generic.
tex)))
Package: siunitx 2020/02/25 v2.8b A comprehensive (SI) units package
 (/usr/local/texlive/2021/texmf-dist/tex/latex/tools/array.sty
Package: array 2020/10/01 v2.5c Tabular extension package (FMi)
\col@sep=\dimen307
\ar@mcellbox=\box70
\extrarowheight=\dimen308
\NC@list=\toks44
\extratabsurround=\skip68
\backup@length=\skip69
\ar@cellbox=\box71
)
(/usr/local/texlive/2021/texmf-dist/tex/latex/l3packages/l3keys2e/l3keys2e.sty
Package: l3keys2e 2021-03-12 LaTeX2e option processing using LaTeX3 keys
)
\l__siunitx_tmp_box=\box72
\l__siunitx_tmp_dim=\dimen309
\l__siunitx_tmp_int=\count330
\l__siunitx_number_mantissa_length_int=\count331
\l__siunitx_number_uncert_length_int=\count332
\l__siunitx_round_int=\count333
\l__siunitx_process_decimal_int=\count334
\l__siunitx_process_uncertainty_int=\count335
\l__siunitx_process_fixed_int=\count336
\l__siunitx_process_integer_min_int=\count337
\l__siunitx_process_precision_int=\count338
\l__siunitx_group_min_int=\count339
\l__siunitx_angle_marker_box=\box73
\l__siunitx_angle_unit_box=\box74
\l__siunitx_angle_marker_dim=\dimen310
\l__siunitx_angle_unit_dim=\dimen311
\l__siunitx_unit_int=\count340
\l__siunitx_unit_denominator_int=\count341
\l__siunitx_unit_numerator_int=\count342
\l__siunitx_unit_prefix_int=\count343
\l__siunitx_unit_prefix_base_int=\count344
\l__siunitx_unit_prefix_gram_int=\count345
\l__siunitx_number_product_int=\count346
\c__siunitx_one_fill_skip=\skip70
\l__siunitx_table_unit_align_skip=\skip71
\l__siunitx_table_exponent_dim=\dimen312
\l__siunitx_table_integer_dim=\dimen313
\l__siunitx_table_mantissa_dim=\dimen314
\l__siunitx_table_marker_dim=\dimen315
\l__siunitx_table_result_dim=\dimen316
\l__siunitx_table_uncert_dim=\dimen317
\l__siunitx_table_fill_pre_dim=\dimen318
\l__siunitx_table_fill_post_dim=\dimen319
\l__siunitx_table_fill_mid_dim=\dimen320
\l__siunitx_table_pre_box=\box75
\l__siunitx_table_post_box=\box76
\l__siunitx_table_mantissa_box=\box77
\l__siunitx_table_result_box=\box78
\l__siunitx_table_number_align_skip=\skip72
\l__siunitx_table_text_align_skip=\skip73
(/usr/local/texlive/2021/texmf-dist/tex/latex/translator/translator.sty
Package: translator 2020-08-03 v1.12c Easy translation of strings in LaTeX
))

LaTeX Warning: You have requested, on input line 29, version
               `2021/05/01' of package siunitx,
               but only version
               `2020/02/25 v2.8b A comprehensive (SI) units package'
               is available.

(/usr/local/texlive/2021/texmf-dist/tex/latex/jknapltx/mathrsfs.sty
Package: mathrsfs 1996/01/01 Math RSFS package v1.0 (jk)
\symrsfs=\mathgroup6
)
(/usr/local/texlive/2021/texmf-dist/tex/latex/tools/xspace.sty
Package: xspace 2014/10/28 v1.13 Space after command names (DPC,MH)
)
(/usr/local/texlive/2021/texmf-dist/tex/latex/listings/listings.sty
\lst@mode=\count347
\lst@gtempboxa=\box79
\lst@token=\toks45
\lst@length=\count348
\lst@currlwidth=\dimen321
\lst@column=\count349
\lst@pos=\count350
\lst@lostspace=\dimen322
\lst@width=\dimen323
\lst@newlines=\count351
\lst@lineno=\count352
\lst@maxwidth=\dimen324

(/usr/local/texlive/2021/texmf-dist/tex/latex/listings/lstmisc.sty
File: lstmisc.sty 2020/03/24 1.8d (Carsten Heinz)
\c@lstnumber=\count353
\lst@skipnumbers=\count354
\lst@framebox=\box80
)
(/usr/local/texlive/2021/texmf-dist/tex/latex/listings/listings.cfg
File: listings.cfg 2020/03/24 1.8d listings configuration
))
Package: listings 2020/03/24 1.8d (Carsten Heinz)

(/usr/local/texlive/2021/texmf-dist/tex/latex/colortbl/colortbl.sty
Package: colortbl 2020/01/04 v1.0e Color table columns (DPC)
\everycr=\toks46
\minrowclearance=\skip74
)
(/usr/local/texlive/2021/texmf-dist/tex/latex/mhchem/mhchem.sty
Package: mhchem 2018/06/22 v4.08 for typesetting chemical formulae

(/usr/local/texlive/2021/texmf-dist/tex/latex/chemgreek/chemgreek.sty
Package: chemgreek 2020/01/16 v1.1a interface for upright Greek letters for use
 in chemistry (CN)
\l__chemgreek_tmpa_int=\count355
\g__chemgreek_tmpa_int=\count356
)
\l__mhchem_ce_distanceFromLastComma_int=\count357
\__mhchem_arrow_extPgfLength_skip=\skip75
\mhchem@minispace@tmp=\skip76
\mhchem@minibackspace@tmp=\skip77
\mhchem@bondwidth=\skip78
\mhchem@bondheight=\skip79
\mhchem@smallbondwidth@tmpA=\skip80
\mhchem@smallbondwidth@tmpB=\skip81
\mhchem@smallbondwidth=\skip82
\mhchem@bondtmp@minussidebearingleft=\skip83
\mhchem@bondtmp@minussidebearingright=\skip84
\l__mhchem_option_version_int=\count358
\mhchem@option@minusmathsidebearingleft=\dimen325
\mhchem@option@minusmathsidebearingright=\dimen326
\mhchem@option@minustextsidebearingleft=\dimen327
\mhchem@option@minustextsidebearingright=\dimen328
)
(/usr/local/texlive/2021/texmf-dist/tex/latex/graphics/rotating.sty
Package: rotating 2016/08/11 v2.16d rotated objects in LaTeX
\c@r@tfl@t=\count359
\rotFPtop=\skip85
\rotFPbot=\skip86
\rot@float@box=\box81
\rot@mess@toks=\toks47
)
(/usr/local/texlive/2021/texmf-dist/tex/latex/graphics/lscape.sty
Package: lscape 2020/05/28 v3.02 Landscape Pages (DPC)
)
(/usr/local/texlive/2021/texmf-dist/tex/latex/tools/longtable.sty
Package: longtable 2020/01/07 v4.13 Multi-page Table package (DPC)
\LTleft=\skip87
\LTright=\skip88
\LTpre=\skip89
\LTpost=\skip90
\LTchunksize=\count360
\LTcapwidth=\dimen329
\LT@head=\box82
\LT@firsthead=\box83
\LT@foot=\box84
\LT@lastfoot=\box85
\LT@cols=\count361
\LT@rows=\count362
\c@LT@tables=\count363
\c@LT@chunks=\count364
\LT@p@ftn=\toks48
)
(/usr/local/texlive/2021/texmf-dist/tex/latex/tabu/tabu.sty
Package: tabu 2019/01/11 v2.9 - flexible LaTeX tabulars (FC+tabu-fixed)
\c@taburow=\count365
\tabu@nbcols=\count366
\tabu@cnt=\count367
\tabu@Xcol=\count368
\tabu@alloc=\count369
\tabu@nested=\count370
\tabu@target=\dimen330
\tabu@spreadtarget=\dimen331
\tabu@naturalX=\dimen332
\tabucolX=\dimen333
\tabu@Xsum=\dimen334
\extrarowdepth=\dimen335
\abovetabulinesep=\dimen336
\belowtabulinesep=\dimen337
\tabustrutrule=\dimen338
\tabu@thebody=\toks49
\tabu@footnotes=\toks50
\tabu@box=\box86
\tabu@arstrutbox=\box87
\tabu@hleads=\box88
\tabu@vleads=\box89
\tabu@cellskip=\skip91
)
(/usr/local/texlive/2021/texmf-dist/tex/latex/booktabs/booktabs.sty
Package: booktabs 2020/01/12 v1.61803398 Publication quality tables
\heavyrulewidth=\dimen339
\lightrulewidth=\dimen340
\cmidrulewidth=\dimen341
\belowrulesep=\dimen342
\belowbottomsep=\dimen343
\aboverulesep=\dimen344
\abovetopsep=\dimen345
\cmidrulesep=\dimen346
\cmidrulekern=\dimen347
\defaultaddspace=\dimen348
\@cmidla=\count371
\@cmidlb=\count372
\@aboverulesep=\dimen349
\@belowrulesep=\dimen350
\@thisruleclass=\count373
\@lastruleclass=\count374
\@thisrulewidth=\dimen351
)
(/usr/local/texlive/2021/texmf-dist/tex/latex/subfiles/subfiles.sty
Package: subfiles 2020/11/14 v2.2 Multi-file projects (package)
)
(/usr/local/texlive/2021/texmf-dist/tex/latex/listings/lstlang1.sty
File: lstlang1.sty 2020/03/24 1.8d listings language file
)
(/usr/local/texlive/2021/texmf-dist/tex/latex/listings/lstlang2.sty
File: lstlang2.sty 2020/03/24 1.8d listings language file
)
(/usr/local/texlive/2021/texmf-dist/tex/latex/listings/lstlang3.sty
File: lstlang3.sty 2020/03/24 1.8d listings language file
)
(/usr/local/texlive/2021/texmf-dist/tex/latex/listings/lstlang1.sty
File: lstlang1.sty 2020/03/24 1.8d listings language file
)
(/usr/local/texlive/2021/texmf-dist/tex/latex/listings/lstlang2.sty
File: lstlang2.sty 2020/03/24 1.8d listings language file
)
(/usr/local/texlive/2021/texmf-dist/tex/latex/listings/lstlang3.sty
File: lstlang3.sty 2020/03/24 1.8d listings language file
)
(/usr/local/texlive/2021/texmf-dist/tex/latex/listings/lstlang1.sty
File: lstlang1.sty 2020/03/24 1.8d listings language file
)
(/usr/local/texlive/2021/texmf-dist/tex/latex/listings/lstlang2.sty
File: lstlang2.sty 2020/03/24 1.8d listings language file
)
(/usr/local/texlive/2021/texmf-dist/tex/latex/listings/lstlang3.sty
File: lstlang3.sty 2020/03/24 1.8d listings language file
)
(/usr/local/texlive/2021/texmf-dist/tex/latex/listings/lstmisc.sty
File: lstmisc.sty 2020/03/24 1.8d (Carsten Heinz)
)
(/usr/local/texlive/2021/texmf-dist/tex/generic/pgf/frontendlayer/tikz/librarie
s/tikzlibrarypositioning.code.tex
File: tikzlibrarypositioning.code.tex 2020/12/27 v3.1.8b (3.1.8b)
)
(/usr/local/texlive/2021/texmf-dist/tex/generic/pgf/frontendlayer/tikz/librarie
s/tikzlibrarychains.code.tex
File: tikzlibrarychains.code.tex 2020/12/27 v3.1.8b (3.1.8b)
)
(/usr/local/texlive/2021/texmf-dist/tex/generic/pgf/frontendlayer/tikz/librarie
s/tikzlibraryfit.code.tex
File: tikzlibraryfit.code.tex 2020/12/27 v3.1.8b (3.1.8b)
)
(/usr/local/texlive/2021/texmf-dist/tex/generic/pgf/frontendlayer/tikz/librarie
s/tikzlibraryshapes.code.tex
File: tikzlibraryshapes.code.tex 2020/12/27 v3.1.8b (3.1.8b)

(/usr/local/texlive/2021/texmf-dist/tex/generic/pgf/frontendlayer/tikz/librarie
s/tikzlibraryshapes.geometric.code.tex
File: tikzlibraryshapes.geometric.code.tex 2020/12/27 v3.1.8b (3.1.8b)

(/usr/local/texlive/2021/texmf-dist/tex/generic/pgf/libraries/shapes/pgflibrary
shapes.geometric.code.tex
File: pgflibraryshapes.geometric.code.tex 2020/12/27 v3.1.8b (3.1.8b)
))
(/usr/local/texlive/2021/texmf-dist/tex/generic/pgf/frontendlayer/tikz/librarie
s/tikzlibraryshapes.misc.code.tex
File: tikzlibraryshapes.misc.code.tex 2020/12/27 v3.1.8b (3.1.8b)

(/usr/local/texlive/2021/texmf-dist/tex/generic/pgf/libraries/shapes/pgflibrary
shapes.misc.code.tex
File: pgflibraryshapes.misc.code.tex 2020/12/27 v3.1.8b (3.1.8b)
))
(/usr/local/texlive/2021/texmf-dist/tex/generic/pgf/frontendlayer/tikz/librarie
s/tikzlibraryshapes.symbols.code.tex
File: tikzlibraryshapes.symbols.code.tex 2020/12/27 v3.1.8b (3.1.8b)

(/usr/local/texlive/2021/texmf-dist/tex/generic/pgf/libraries/shapes/pgflibrary
shapes.symbols.code.tex
File: pgflibraryshapes.symbols.code.tex 2020/12/27 v3.1.8b (3.1.8b)
))
(/usr/local/texlive/2021/texmf-dist/tex/generic/pgf/frontendlayer/tikz/librarie
s/tikzlibraryshapes.arrows.code.tex
File: tikzlibraryshapes.arrows.code.tex 2020/12/27 v3.1.8b (3.1.8b)

(/usr/local/texlive/2021/texmf-dist/tex/generic/pgf/libraries/shapes/pgflibrary
shapes.arrows.code.tex
File: pgflibraryshapes.arrows.code.tex 2020/12/27 v3.1.8b (3.1.8b)
))
(/usr/local/texlive/2021/texmf-dist/tex/generic/pgf/frontendlayer/tikz/librarie
s/tikzlibraryshapes.callouts.code.tex
(/usr/local/texlive/2021/texmf-dist/tex/generic/pgf/libraries/shapes/pgflibrary
shapes.callouts.code.tex))
(/usr/local/texlive/2021/texmf-dist/tex/generic/pgf/frontendlayer/tikz/librarie
s/tikzlibraryshapes.multipart.code.tex
File: tikzlibraryshapes.multipart.code.tex 2020/12/27 v3.1.8b (3.1.8b)

(/usr/local/texlive/2021/texmf-dist/tex/generic/pgf/libraries/shapes/pgflibrary
shapes.multipart.code.tex
File: pgflibraryshapes.multipart.code.tex 2020/12/27 v3.1.8b (3.1.8b)
\pgfnodepartlowerbox=\box90
\pgfnodeparttwobox=\box91
\pgfnodepartthreebox=\box92
\pgfnodepartfourbox=\box93
\pgfnodeparttwentybox=\box94
\pgfnodepartnineteenbox=\box95
\pgfnodeparteighteenbox=\box96
\pgfnodepartseventeenbox=\box97
\pgfnodepartsixteenbox=\box98
\pgfnodepartfifteenbox=\box99
\pgfnodepartfourteenbox=\box100
\pgfnodepartthirteenbox=\box101
\pgfnodeparttwelvebox=\box102
\pgfnodepartelevenbox=\box103
\pgfnodeparttenbox=\box104
\pgfnodepartninebox=\box105
\pgfnodeparteightbox=\box106
\pgfnodepartsevenbox=\box107
\pgfnodepartsixbox=\box108
\pgfnodepartfivebox=\box109
)))
(/usr/local/texlive/2021/texmf-dist/tex/generic/pgf/frontendlayer/tikz/librarie
s/tikzlibrarycalc.code.tex
File: tikzlibrarycalc.code.tex 2020/12/27 v3.1.8b (3.1.8b)
)
\Oldarrayrulewidth=\skip92


Package minitoc Warning: W0010
(minitoc)                No file tango2.toc. 
(minitoc)                MINITOCS NOT PREPARED on input line 164.

)) (./tango2.aux)
\openout1 = `tango2.aux'.

LaTeX Font Info:    Checking defaults for OML/cmm/m/it on input line 10.
LaTeX Font Info:    ... okay on input line 10.
LaTeX Font Info:    Checking defaults for OMS/cmsy/m/n on input line 10.
LaTeX Font Info:    ... okay on input line 10.
LaTeX Font Info:    Checking defaults for OT1/cmr/m/n on input line 10.
LaTeX Font Info:    ... okay on input line 10.
LaTeX Font Info:    Checking defaults for T1/cmr/m/n on input line 10.
LaTeX Font Info:    ... okay on input line 10.
LaTeX Font Info:    Checking defaults for TS1/cmr/m/n on input line 10.
LaTeX Font Info:    ... okay on input line 10.
LaTeX Font Info:    Checking defaults for OMX/cmex/m/n on input line 10.
LaTeX Font Info:    ... okay on input line 10.
LaTeX Font Info:    Checking defaults for U/cmr/m/n on input line 10.
LaTeX Font Info:    ... okay on input line 10.
LaTeX Font Info:    Checking defaults for PD1/pdf/m/n on input line 10.
LaTeX Font Info:    ... okay on input line 10.
LaTeX Font Info:    Checking defaults for PU/pdf/m/n on input line 10.
LaTeX Font Info:    ... okay on input line 10.

*geometry* driver: auto-detecting
*geometry* detected driver: pdftex
*geometry* verbose mode - [ preamble ] result:
* driver: pdftex
* paper: a4paper
* layout: <same size as paper>
* layoutoffset:(h,v)=(0.0pt,0.0pt)
* modes: includehead 
* h-part:(L,W,R)=(71.13188pt, 455.24411pt, 71.13188pt)
* v-part:(T,H,B)=(42.67912pt, 745.46222pt, 56.9055pt)
* \paperwidth=597.50787pt
* \paperheight=845.04684pt
* \textwidth=455.24411pt
* \textheight=708.46222pt
* \oddsidemargin=-1.1381pt
* \evensidemargin=-1.1381pt
* \topmargin=-29.59087pt
* \headheight=12.0pt
* \headsep=25.0pt
* \topskip=12.0pt
* \footskip=30.0pt
* \marginparwidth=35.0pt
* \marginparsep=10.0pt
* \columnsep=10.0pt
* \skip\footins=10.8pt plus 4.0pt minus 2.0pt
* \hoffset=0.0pt
* \voffset=0.0pt
* \mag=1000
* \@twocolumnfalse
* \@twosidefalse
* \@mparswitchfalse
* \@reversemarginfalse
* (1in=72.27pt=25.4mm, 1cm=28.453pt)

(/usr/local/texlive/2021/texmf-dist/tex/context/base/mkii/supp-pdf.mkii
[Loading MPS to PDF converter (version 2006.09.02).]
\scratchcounter=\count375
\scratchdimen=\dimen352
\scratchbox=\box110
\nofMPsegments=\count376
\nofMParguments=\count377
\everyMPshowfont=\toks51
\MPscratchCnt=\count378
\MPscratchDim=\dimen353
\MPnumerator=\count379
\makeMPintoPDFobject=\count380
\everyMPtoPDFconversion=\toks52
)
Package minitoc(hints) Info: I0049
(minitoc(hints))             ==> You requested the hints option. 
(minitoc(hints))             Some hints are eventually given below.
Package minitoc(hints) Info: I0042
(minitoc(hints))             --- The appendix package is loaded. 
(minitoc(hints))             See the minitoc package documentation 
(minitoc(hints))             for specific precautions.


Package minitoc(hints) Warning: W0030
(minitoc(hints))                --- The \part command is altered 
(minitoc(hints))                after minitoc.


Package minitoc(hints) Warning: W0023
(minitoc(hints))                --- It may be the consequence 
(minitoc(hints))                of loading the ``hyperref'' package.


Package minitoc(hints) Warning: W0028
(minitoc(hints))                --- The \chapter command is altered 
(minitoc(hints))                after minitoc.


Package minitoc(hints) Warning: W0023
(minitoc(hints))                --- It may be the consequence 
(minitoc(hints))                of loading the ``hyperref'' package.

LaTeX Info: Redefining \degres on input line 10.
LaTeX Info: Redefining \dots on input line 10.
LaTeX Info: Redefining \up on input line 10.
(/usr/local/texlive/2021/texmf-dist/tex/latex/pdflscape/pdflscape.sty
Package: pdflscape 2019/12/05 v0.12 Display of landscape pages in PDF (HO)
Package pdflscape Info: Auto-detected driver: pdftex on input line 81.
)
Package hyperref Info: Link coloring OFF on input line 10.

(/usr/local/texlive/2021/texmf-dist/tex/latex/hyperref/nameref.sty
Package: nameref 2021-04-02 v2.47 Cross-referencing by name of section

(/usr/local/texlive/2021/texmf-dist/tex/latex/refcount/refcount.sty
Package: refcount 2019/12/15 v3.6 Data extraction from label references (HO)
)
(/usr/local/texlive/2021/texmf-dist/tex/generic/gettitlestring/gettitlestring.s
ty
Package: gettitlestring 2019/12/15 v1.6 Cleanup title references (HO)
)
\c@section@level=\count381
)
LaTeX Info: Redefining \ref on input line 10.
LaTeX Info: Redefining \pageref on input line 10.
LaTeX Info: Redefining \nameref on input line 10.
 (./tango2.out) (./tango2.out)
\@outlinefile=\write6
\openout6 = `tango2.out'.


(/usr/local/texlive/2021/texmf-dist/tex/latex/siunitx/siunitx-abbreviations.cfg
File: siunitx-abbreviations.cfg 2017/11/26 v2.7k siunitx: Abbreviated units
)
(/usr/local/texlive/2021/texmf-dist/tex/latex/translator/translator-basic-dicti
onary-English.dict
Dictionary: translator-basic-dictionary, Language: English 
)
(/usr/local/texlive/2021/texmf-dist/tex/latex/translator/translator-basic-dicti
onary-French.dict
Dictionary: translator-basic-dictionary, Language: French 
)
\c@lstlisting=\count382

Package chemgreek Info: Activating mapping `default' on line 10.

LaTeX Font Info:    Trying to load font information for U+msa on input line 10.


(/usr/local/texlive/2021/texmf-dist/tex/latex/amsfonts/umsa.fd
File: umsa.fd 2013/01/14 v3.01 AMS symbols A
)
LaTeX Font Info:    Trying to load font information for U+msb on input line 10.


(/usr/local/texlive/2021/texmf-dist/tex/latex/amsfonts/umsb.fd
File: umsb.fd 2013/01/14 v3.01 AMS symbols B
)
LaTeX Font Info:    Trying to load font information for U+rsfs on input line 10
.

(/usr/local/texlive/2021/texmf-dist/tex/latex/jknapltx/ursfs.fd
File: ursfs.fd 1998/03/24 rsfs font definition file (jk)
)
Chapitre 1.
Package minitoc Info: I0006
(minitoc)             tango2.mtc1 is empty on input line 15.
LaTeX Font Info:    Trying to load font information for T1+cmtt on input line 1
5.
(/usr/local/texlive/2021/texmf-dist/tex/latex/base/t1cmtt.fd
File: t1cmtt.fd 2019/12/16 v2.5j Standard LaTeX font definitions
) [1


{/usr/local/texlive/2021/texmf-var/fonts/map/pdftex/updmap/pdftex.map}]

Package natbib Warning: Citation `Cao2021' on page 2 undefined on input line 24
.


Package natbib Warning: Citation `Popp2020' on page 2 undefined on input line 2
8.


Package natbib Warning: Citation `Zomorrodi' on page 2 undefined on input line 
28.


Package natbib Warning: Citation `Jenior2020' on page 2 undefined on input line
 28.


Package natbib Warning: Citation `Ozcan.2020' on page 2 undefined on input line
 28.


Package natbib Warning: Citation `Ozcan.2020' on page 2 undefined on input line
 28.


Underfull \hbox (badness 10000) in paragraph at lines 28--29

 []


Package natbib Warning: Citation `Ozcan.2020' on page 2 undefined on input line
 30.


Underfull \hbox (badness 10000) in paragraph at lines 30--31

 []

[2]

Package natbib Warning: Citation `Lecomte2023' on page 3 undefined on input lin
e 32.


Package natbib Warning: Citation `Cao2021' on page 3 undefined on input line 43
.


Package natbib Warning: Citation `Vallenet.2019' on page 3 undefined on input l
ine 43.


Package natbib Warning: Citation `Cao2021' on page 3 undefined on input line 47
.


Package natbib Warning: Citation `Robinson2010' on page 3 undefined on input li
ne 47.


Package natbib Warning: Citation `Cao2021' on page 3 undefined on input line 51
.

[3]
Overfull \hbox (4.90688pt too wide) in paragraph at lines 68--68
[][] 
 []


Overfull \hbox (4.90688pt too wide) in paragraph at lines 77--77
[][] 
 []


Overfull \hbox (2.57411pt too wide) in paragraph at lines 86--86
[][] 
 []

[4]

Package natbib Warning: Citation `Cao2021' on page 5 undefined on input line 12
6.


Underfull \hbox (badness 10000) in paragraph at lines 132--132
[]\T1/cmr/m/n/12 Population bac-t-rienne (log$[]$
 []


Overfull \vbox (3.45656pt too high) detected at line 134
 []


Overfull \hbox (4.90688pt too wide) in paragraph at lines 134--134
[][] 
 []


Overfull \hbox (4.90688pt too wide) in paragraph at lines 142--142
[][] 
 []


Overfull \hbox (2.57411pt too wide) in paragraph at lines 149--149
[][] 
 []

[5pdfTeX warning (ext4): destination with the same identifier (name{table.1.1})
 has been already used, duplicate ignored
<argument> ...shipout:D \box_use:N \l_shipout_box 
                                                  
l.158 \end{table}
                 pdfTeX warning (ext4): destination with the same identifier (n
ame{table.1.2}) has been already used, duplicate ignored
<argument> ...shipout:D \box_use:N \l_shipout_box 
                                                  
l.158 \end{table}
                 ]

Package natbib Warning: Citation `Bakken1983' on page 6 undefined on input line
 180.


Package natbib Warning: Citation `Machado2018' on page 6 undefined on input lin
e 185.


Package natbib Warning: Citation `Romer2016' on page 6 undefined on input line 
185.


Package natbib Warning: Citation `King2016' on page 6 undefined on input line 1
85.


Package natbib Warning: Citation `Lieven.2020' on page 6 undefined on input lin
e 185.

[6pdfTeX warning (ext4): destination with the same identifier (name{table.1.3})
 has been already used, duplicate ignored
<argument> ...shipout:D \box_use:N \l_shipout_box 
                                                  
l.186 
      pdfTeX warning (ext4): destination with the same identifier (name{table.1
.4}) has been already used, duplicate ignored
<argument> ...shipout:D \box_use:N \l_shipout_box 
                                                  
l.186 
      ]

Package natbib Warning: Citation `Orth2010' on page 7 undefined on input line 1
90.


Package natbib Warning: Citation `gomez2014dfbalab' on page 7 undefined on inpu
t line 204.


Package natbib Warning: Citation `Mahadevan2002' on page 7 undefined on input l
ine 209.


Underfull \hbox (badness 10000) in paragraph at lines 209--210

 []

[7]

Package natbib Warning: Citation `Ozcan.2020' on page 8 undefined on input line
 230.


Package natbib Warning: Citation `Ozcan.2020' on page 8 undefined on input line
 235.


Underfull \hbox (badness 10000) in paragraph at lines 245--246

 []

[8]

Package natbib Warning: Citation `Orth2010' on page 9 undefined on input line 2
79.

[9]
Underfull \hbox (badness 10000) in paragraph at lines 289--290

 []


Underfull \hbox (badness 10000) in paragraph at lines 298--299

 []

[10pdfTeX warning (ext4): destination with the same identifier (name{table.1.5}
) has been already used, duplicate ignored
<argument> ...shipout:D \box_use:N \l_shipout_box 
                                                  
l.329 
      ]
<..//img/tango/global.pdf, id=179, 620.95752pt x 682.19148pt>
File: ..//img/tango/global.pdf Graphic file (type pdf)
<use ..//img/tango/global.pdf>
Package pdftex.def Info: ..//img/tango/global.pdf  used on input line 333.
(pdftex.def)             Requested size: 455.24411pt x 500.15039pt.

Underfull \hbox (badness 10000) in paragraph at lines 342--343

 []


Package natbib Warning: Citation `Widyastuti2014' on page 11 undefined on input
 line 349.


Package natbib Warning: Citation `Palles1998' on page 11 undefined on input lin
e 349.


Package natbib Warning: Citation `alma991000892589705596' on page 11 undefined 
on input line 349.


Underfull \hbox (badness 10000) in paragraph at lines 349--350

 []


Package natbib Warning: Citation `Carroll1999' on page 11 undefined on input li
ne 354.


Package natbib Warning: Citation `Swindell1996' on page 11 undefined on input l
ine 354.


Package natbib Warning: Citation `Makhlouf2006' on page 11 undefined on input l
ine 354.

[11] [12pdfTeX warning (ext4): destination with the same identifier (name{figur
e.1.1}) has been already used, duplicate ignored
<argument> ...shipout:D \box_use:N \l_shipout_box 
                                                  
l.355 
       <..//img/tango/global.pdf>]
<..//img/tango/carte_lactis.pdf, id=682, 3004.95108pt x 3275.22105pt>
File: ..//img/tango/carte_lactis.pdf Graphic file (type pdf)
<use ..//img/tango/carte_lactis.pdf>
Package pdftex.def Info: ..//img/tango/carte_lactis.pdf  used on input line 361
.
(pdftex.def)             Requested size: 455.24411pt x 496.15959pt.
 [13]

Package natbib Warning: Citation `Abedi2020' on page 14 undefined on input line
 367.


Package natbib Warning: Citation `Quatravaux2006' on page 14 undefined on input
 line 367.

[14pdfTeX warning (ext4): destination with the same identifier (name{figure.1.2
}) has been already used, duplicate ignored
<argument> ...shipout:D \box_use:N \l_shipout_box 
                                                  
l.368 
       <..//img/tango/carte_lactis.pdf>]
<..//img/tango/carte_plantarum.pdf, id=733, 3375.11427pt x 3340.01268pt>
File: ..//img/tango/carte_plantarum.pdf Graphic file (type pdf)
<use ..//img/tango/carte_plantarum.pdf>
Package pdftex.def Info: ..//img/tango/carte_plantarum.pdf  used on input line 
373.
(pdftex.def)             Requested size: 455.24411pt x 450.47455pt.


Package natbib Warning: Citation `Thierry2011' on page 15 undefined on input li
ne 380.


Package natbib Warning: Citation `Dank2021' on page 15 undefined on input line 
380.


Package natbib Warning: Citation `Loux2015' on page 15 undefined on input line 
380.


Package natbib Warning: Citation `Turgay2020' on page 15 undefined on input lin
e 380.

[15pdfTeX warning (ext4): destination with the same identifier (name{figure.1.3
}) has been already used, duplicate ignored
<argument> ...shipout:D \box_use:N \l_shipout_box 
                                                  
l.381 
       <..//img/tango/carte_plantarum.pdf>]

Package natbib Warning: Citation `Crow1986' on page 16 undefined on input line 
382.


Package natbib Warning: Citation `Dank2021' on page 16 undefined on input line 
382.


Package natbib Warning: Citation `Cao2021' on page 16 undefined on input line 3
82.


Package natbib Warning: Citation `Turgay2020' on page 16 undefined on input lin
e 382.


Underfull \hbox (badness 10000) in paragraph at lines 382--383

 []

<..//img/tango/carte_freud.pdf, id=779, 3087.26054pt x 3242.1995pt>
File: ..//img/tango/carte_freud.pdf Graphic file (type pdf)
<use ..//img/tango/carte_freud.pdf>
Package pdftex.def Info: ..//img/tango/carte_freud.pdf  used on input line 389.

(pdftex.def)             Requested size: 455.24411pt x 478.04713pt.
[16]

Package natbib Warning: Citation `Lieven.2020' on page 17 undefined on input li
ne 396.


Package natbib Warning: Citation `Palsson1994' on page 17 undefined on input li
ne 396.


Package natbib Warning: Citation `Orth2010' on page 17 undefined on input line 
396.


Package natbib Warning: Citation `Miyoshi2003' on page 17 undefined on input li
ne 396.


Package natbib Warning: Citation `Noronha.2018' on page 17 undefined on input l
ine 396.


Underfull \hbox (badness 10000) in paragraph at lines 396--397

 []

[17pdfTeX warning (ext4): destination with the same identifier (name{figure.1.4
}) has been already used, duplicate ignored
<argument> ...shipout:D \box_use:N \l_shipout_box 
                                                  
l.397 
       <..//img/tango/carte_freud.pdf>]
Overfull \hbox (4.47343pt too wide) in paragraph at lines 401--410
[][]
 []


Overfull \hbox (2.57411pt too wide) in paragraph at lines 424--424
[][] 
 []


Overfull \hbox (4.90688pt too wide) in paragraph at lines 432--432
[][] 
 []


Overfull \hbox (4.90688pt too wide) in paragraph at lines 442--442
[][] 
 []


LaTeX Warning: `!h' float specifier changed to `!ht'.


Package natbib Warning: Citation `Smid2014' on page 18 undefined on input line 
462.


Package natbib Warning: Citation `Cao2021' on page 18 undefined on input line 4
62.


Underfull \hbox (badness 10000) in paragraph at lines 462--463

 []


Underfull \hbox (badness 10000) in paragraph at lines 470--471

 []


Underfull \hbox (badness 10000) in paragraph at lines 472--473

 []

[18pdfTeX warning (ext4): destination with the same identifier (name{table.1.6}
) has been already used, duplicate ignored
<argument> ...shipout:D \box_use:N \l_shipout_box 
                                                  
l.473 
      ] [19pdfTeX warning (ext4): destination with the same identifier (name{ta
ble.1.7}) has been already used, duplicate ignored
<argument> ...shipout:D \box_use:N \l_shipout_box 
                                                  
l.475 
      ]
Underfull \hbox (badness 10000) in paragraph at lines 486--487

 []


Underfull \hbox (badness 10000) in paragraph at lines 494--495

 []


Package natbib Warning: Citation `Ozcan.2020' on page 20 undefined on input lin
e 496.


Underfull \hbox (badness 10000) in paragraph at lines 496--497

 []

[20]
Underfull \hbox (badness 10000) in paragraph at lines 505--506

 []


Overfull \hbox (19.78316pt too wide) in paragraph at lines 508--509
\T1/cmr/m/n/12 qu le mme par-tage uni-forme des res-sources que pour les bac-
t-ries lac-tiques : $\OMS/cmsy/m/n/12 ^^@[]$\T1/cmr/m/n/12 .
 []


Underfull \hbox (badness 10000) in paragraph at lines 520--521

 []


Underfull \hbox (badness 10000) in paragraph at lines 524--525

 []

[21]
Underfull \hbox (badness 10000) in paragraph at lines 536--538

 []


Overfull \hbox (9.35597pt too wide) in paragraph at lines 552--554
\T1/cmr/m/n/12 trin-sque mo-d-lis par $\OML/cmm/m/it/12 v[] \OT1/cmr/m/n/12 
= \OMS/cmsy/m/n/12 ^^@\OT1/cmr/m/n/12 8$ \T1/cmr/m/n/12 pour $\OML/cmm/m/it/12 
j \OT1/cmr/m/n/12 =$\T1/cmr/m/it/12 L. lac-tis \T1/cmr/m/n/12 et $\OML/cmm/m/it
/12 j \OMS/cmsy/m/n/12 2 f\OML/cmm/m/it/12 EX[]diact[]e; EX[]btd[]RR[]e\OMS/cms
y/m/n/12 g$\T1/cmr/m/n/12 ,
 []


Overfull \hbox (75.01219pt too wide) in paragraph at lines 552--554
\OML/cmm/m/it/12 v[] \OT1/cmr/m/n/12 = \OMS/cmsy/m/n/12 ^^@\OT1/cmr/m/n/12 1$ \
T1/cmr/m/n/12 pour $\OML/cmm/m/it/12 j \OT1/cmr/m/n/12 = \OML/cmm/m/it/12 EX[]c
it[]e$ \T1/cmr/m/n/12 et $\OML/cmm/m/it/12 v[] \OT1/cmr/m/n/12 = \OMS/cmsy/m/n/
12 ^^@\OT1/cmr/m/n/12 5$ \T1/cmr/m/n/12 pour $\OML/cmm/m/it/12 i \OT1/cmr/m/n/1
2 = []$ \T1/cmr/m/n/12 et $\OML/cmm/m/it/12 j \OMS/cmsy/m/n/12 2 f\OML/cmm/m/it
/12 EX[]ac[]e; EX[]btd[]RR[]e\OMS/cmsy/m/n/12 g$
 []


Underfull \hbox (badness 10000) in paragraph at lines 552--554

 []


Underfull \hbox (badness 10000) in paragraph at lines 589--590

 []


Underfull \hbox (badness 10000) in paragraph at lines 591--592

 []


Underfull \hbox (badness 10000) in paragraph at lines 595--596

 []

[22]
Underfull \hbox (badness 10000) in paragraph at lines 597--598

 []

<..//img/tango/FIG2_opt_explo_ll.pdf, id=878, 744.448pt x 513.99504pt>
File: ..//img/tango/FIG2_opt_explo_ll.pdf Graphic file (type pdf)
<use ..//img/tango/FIG2_opt_explo_ll.pdf>
Package pdftex.def Info: ..//img/tango/FIG2_opt_explo_ll.pdf  used on input lin
e 601.
(pdftex.def)             Requested size: 455.24411pt x 314.32082pt.

LaTeX Warning: `!h' float specifier changed to `!ht'.


Package natbib Warning: Citation `Palles1998' on page 23 undefined on input lin
e 606.


Underfull \hbox (badness 10000) in paragraph at lines 606--607

 []

<..//img/tango/FIG3_opt_explo_lp.pdf, id=882, 764.33534pt x 551.91522pt>
File: ..//img/tango/FIG3_opt_explo_lp.pdf Graphic file (type pdf)
<use ..//img/tango/FIG3_opt_explo_lp.pdf>
Package pdftex.def Info: ..//img/tango/FIG3_opt_explo_lp.pdf  used on input lin
e 610.
(pdftex.def)             Requested size: 455.24411pt x 328.72627pt.

LaTeX Warning: `!h' float specifier changed to `!ht'.


Package natbib Warning: Citation `Deborde2000' on page 23 undefined on input li
ne 616.

<..//img/tango/FIG4_opt_explo_pf.pdf, id=886, 659.06444pt x 460.77063pt>
File: ..//img/tango/FIG4_opt_explo_pf.pdf Graphic file (type pdf)
<use ..//img/tango/FIG4_opt_explo_pf.pdf>
Package pdftex.def Info: ..//img/tango/FIG4_opt_explo_pf.pdf  used on input lin
e 620.
(pdftex.def)             Requested size: 455.24411pt x 318.26955pt.

Underfull \hbox (badness 10000) in paragraph at lines 627--628

 []

<..//img/tango/qqplot.pdf, id=896, 497.92322pt x 248.96161pt>
File: ..//img/tango/qqplot.pdf Graphic file (type pdf)
<use ..//img/tango/qqplot.pdf>
Package pdftex.def Info: ..//img/tango/qqplot.pdf  used on input line 631.
(pdftex.def)             Requested size: 455.24411pt x 227.6267pt.

LaTeX Warning: `!h' float specifier changed to `!ht'.

[23] [24pdfTeX warning (ext4): destination with the same identifier (name{figur
e.1.5}) has been already used, duplicate ignored
<argument> ...shipout:D \box_use:N \l_shipout_box 
                                                  
l.641 
       <..//img/tango/FIG2_opt_explo_ll.pdf>] [25pdfTeX warning (ext4): destina
tion with the same identifier (name{figure.1.6}) has been already used, duplica
te ignored
<argument> ...shipout:D \box_use:N \l_shipout_box 
                                                  
l.643 
       <..//img/tango/FIG3_opt_explo_lp.pdf>] [26pdfTeX warning (ext4): destina
tion with the same identifier (name{figure.1.7}) has been already used, duplica
te ignored
<argument> ...shipout:D \box_use:N \l_shipout_box 
                                                  
l.643 
       <..//img/tango/FIG4_opt_explo_pf.pdf>]
<..//img/tango/Fig5.pdf, id=2173, 497.92319pt x 497.92319pt>
File: ..//img/tango/Fig5.pdf Graphic file (type pdf)
<use ..//img/tango/Fig5.pdf>
Package pdftex.def Info: ..//img/tango/Fig5.pdf  used on input line 646.
(pdftex.def)             Requested size: 455.24411pt x 455.25336pt.
 [27pdfTeX warning (ext4): destination with the same identifier (name{figure.1.
8}) has been already used, duplicate ignored
<argument> ...shipout:D \box_use:N \l_shipout_box 
                                                  
l.650 
       <..//img/tango/qqplot.pdf>]
<..//img/tango/supp_fluxes_pathways.pdf, id=2249, 339.35526pt x 851.25787pt>
File: ..//img/tango/supp_fluxes_pathways.pdf Graphic file (type pdf)
<use ..//img/tango/supp_fluxes_pathways.pdf>
Package pdftex.def Info: ..//img/tango/supp_fluxes_pathways.pdf  used on input 
line 653.
(pdftex.def)             Requested size: 227.62206pt x 570.98927pt.
 [28pdfTeX warning (ext4): destination with the same identifier (name{figure.1.
9}) has been already used, duplicate ignored
<argument> ...shipout:D \box_use:N \l_shipout_box 
                                                  
l.657 
       <..//img/tango/Fig5.pdf>]
Underfull \hbox (badness 10000) in paragraph at lines 658--659

 []

[29pdfTeX warning (ext4): destination with the same identifier (name{figure.1.1
0}) has been already used, duplicate ignored
<argument> ...shipout:D \box_use:N \l_shipout_box 
                                                  
l.659 
       <..//img/tango/supp_fluxes_pathways.pdf>]
<..//img/tango/Fig6.pdf, id=2795, 497.99263pt x 470.66579pt>
File: ..//img/tango/Fig6.pdf Graphic file (type pdf)
<use ..//img/tango/Fig6.pdf>
Package pdftex.def Info: ..//img/tango/Fig6.pdf  used on input line 666.
(pdftex.def)             Requested size: 455.24411pt x 430.28151pt.
 [30]
Underfull \hbox (badness 10000) in paragraph at lines 672--673

 []

[31pdfTeX warning (ext4): destination with the same identifier (name{figure.1.1
1}) has been already used, duplicate ignored
<argument> ...shipout:D \box_use:N \l_shipout_box 
                                                  
l.673 
       <..//img/tango/Fig6.pdf>]
Underfull \hbox (badness 10000) in paragraph at lines 674--675

 []


Package natbib Warning: Citation `Zelezniak2015' on page 32 undefined on input 
line 676.


Package natbib Warning: Citation `diener2020' on page 32 undefined on input lin
e 676.


Package natbib Warning: Citation `Belcour.2020' on page 32 undefined on input l
ine 676.

[32] [33pdfTeX warning (ext4): destination with the same identifier (name{table
.1.8}) has been already used, duplicate ignored
<argument> ...shipout:D \box_use:N \l_shipout_box 
                                                  
l.777 
      ]
<..//img/tango/FigS2_heatmap.pdf, id=3109, 281.28207pt x 476.81877pt>
File: ..//img/tango/FigS2_heatmap.pdf Graphic file (type pdf)
<use ..//img/tango/FigS2_heatmap.pdf>
Package pdftex.def Info: ..//img/tango/FigS2_heatmap.pdf  used on input line 78
0.
(pdftex.def)             Requested size: 273.14923pt x 463.03021pt.
 [34pdfTeX warning (ext4): destination with the same identifier (name{table.1.9
}) has been already used, duplicate ignored
<argument> ...shipout:D \box_use:N \l_shipout_box 
                                                  
l.784 
      ] [35pdfTeX warning (ext4): destination with the same identifier (name{fi
gure.1.12}) has been already used, duplicate ignored
<argument> ...shipout:D \box_use:N \l_shipout_box 
                                                  
l.786 
       <..//img/tango/FigS2_heatmap.pdf>]
Underfull \hbox (badness 10000) in paragraph at lines 798--798
[]\T1/cmr/m/n/12 Organic-heterocyclic-compound,All-Nucleosides,Nitrogen-
 []


Underfull \hbox (badness 10000) in paragraph at lines 798--798
\T1/cmr/m/n/12 Molecular-Entities,Organic-heteromonocyclic-compounds,Organic-
 []


Underfull \hbox (badness 10000) in paragraph at lines 816--817

 []


Package natbib Warning: Citation `Widyastuti2014' on page 36 undefined on input
 line 818.


Package natbib Warning: Citation `VanRooijen1991' on page 36 undefined on input
 line 818.


Package natbib Warning: Citation `Kleerebezem2003' on page 36 undefined on inpu
t line 818.


Package natbib Warning: Citation `Quatravaux2006' on page 36 undefined on input
 line 818.


Package natbib Warning: Citation `Carroll1999' on page 36 undefined on input li
ne 818.


Package natbib Warning: Citation `Loux2015' on page 36 undefined on input line 
818.


Package natbib Warning: Citation `Thierry2011' on page 36 undefined on input li
ne 818.


Package natbib Warning: Citation `Borghei2021' on page 36 undefined on input li
ne 818.


Package natbib Warning: Citation `Ozcan.2020' on page 36 undefined on input lin
e 820.


Package natbib Warning: Citation `Mahadevan.2002' on page 36 undefined on input
 line 820.


Underfull \hbox (badness 10000) in paragraph at lines 820--821

 []

[36pdfTeX warning (ext4): destination with the same identifier (name{table.1.10
}) has been already used, duplicate ignored
<argument> ...shipout:D \box_use:N \l_shipout_box 
                                                  
l.821 
      ]

Package natbib Warning: Citation `Cao2021' on page 37 undefined on input line 8
22.


Underfull \hbox (badness 10000) in paragraph at lines 822--823

 []

[37]
Underfull \hbox (badness 10000) in paragraph at lines 827--829

 []

[38]
Underfull \hbox (badness 10000) in paragraph at lines 836--877

 []

[39]
Underfull \hbox (badness 10000) in paragraph at lines 881--930

 []

[40]

Package natbib Warning: There were undefined citations.

Package minitoc Info: I0009
(minitoc)             Listing minitoc auxiliary files. 
(minitoc)             Creating the tango2.maf file.
\openout5 = `tango2.maf'.


Package minitoc(hints) Warning: W0068
(minitoc(hints))                You have used \minitoc but not 
(minitoc(hints))                \tableofcontents
(minitoc(hints))                nor \faketableofcontents.

Package minitoc(hints) Info: I0053
(minitoc(hints))             You have loaded the float package; 
(minitoc(hints))             please be aware that the minitoc package 
(minitoc(hints))             facilities can not be used for new types 
(minitoc(hints))             of floats defined by the float package.

Package minitoc(hints) Warning: W0024
(minitoc(hints))                Some hints have been written 
(minitoc(hints))                in the tango2.log file.

[41] (./tango2.aux)

LaTeX Warning: Label(s) may have changed. Rerun to get cross-references right.

Package rerunfilecheck Info: File `tango2.out' has not changed.
(rerunfilecheck)             Checksum: E6B2482AD0143FAFDEA63D786EBC7491;4363.
 ) 
Here is how much of TeX's memory you used:
 34017 strings out of 478994
 641575 string characters out of 5858185
 1150035 words of memory out of 5000000
 50520 multiletter control sequences out of 15000+600000
 428121 words of font info for 91 fonts, out of 8000000 for 9000
 1141 hyphenation exceptions out of 8191
 107i,20n,139p,2397b,766s stack positions out of 5000i,500n,10000p,200000b,80000s
{/usr/local/texlive/2021/texmf-dist/fonts/enc/dvips/cm-super/cm-super-t1.enc}
</usr/local/texlive/2021/texmf-dist/fonts/type1/public/amsfonts/cm/cmex10.pfb><
/usr/local/texlive/2021/texmf-dist/fonts/type1/public/amsfonts/cmextra/cmex8.pf
b></usr/local/texlive/2021/texmf-dist/fonts/type1/public/amsfonts/cm/cmmi12.pfb
></usr/local/texlive/2021/texmf-dist/fonts/type1/public/amsfonts/cm/cmmi6.pfb><
/usr/local/texlive/2021/texmf-dist/fonts/type1/public/amsfonts/cm/cmmi8.pfb></u
sr/local/texlive/2021/texmf-dist/fonts/type1/public/amsfonts/cm/cmr12.pfb></usr
/local/texlive/2021/texmf-dist/fonts/type1/public/amsfonts/cm/cmr6.pfb></usr/lo
cal/texlive/2021/texmf-dist/fonts/type1/public/amsfonts/cm/cmr8.pfb></usr/local
/texlive/2021/texmf-dist/fonts/type1/public/amsfonts/cm/cmsy10.pfb></usr/local/
texlive/2021/texmf-dist/fonts/type1/public/amsfonts/cm/cmsy6.pfb></usr/local/te
xlive/2021/texmf-dist/fonts/type1/public/amsfonts/cm/cmsy8.pfb></usr/local/texl
ive/2021/texmf-dist/fonts/type1/public/amsfonts/symbols/msbm10.pfb></usr/local/
texlive/2021/texmf-dist/fonts/type1/public/cm-super/sfbi1200.pfb></usr/local/te
xlive/2021/texmf-dist/fonts/type1/public/cm-super/sfbx1200.pfb></usr/local/texl
ive/2021/texmf-dist/fonts/type1/public/cm-super/sfbx1440.pfb></usr/local/texliv
e/2021/texmf-dist/fonts/type1/public/cm-super/sfbx1728.pfb></usr/local/texlive/
2021/texmf-dist/fonts/type1/public/cm-super/sfbx2488.pfb></usr/local/texlive/20
21/texmf-dist/fonts/type1/public/cm-super/sfcc1200.pfb></usr/local/texlive/2021
/texmf-dist/fonts/type1/public/cm-super/sfrm0600.pfb></usr/local/texlive/2021/t
exmf-dist/fonts/type1/public/cm-super/sfrm0800.pfb></usr/local/texlive/2021/tex
mf-dist/fonts/type1/public/cm-super/sfrm1000.pfb></usr/local/texlive/2021/texmf
-dist/fonts/type1/public/cm-super/sfrm1095.pfb></usr/local/texlive/2021/texmf-d
ist/fonts/type1/public/cm-super/sfrm1200.pfb></usr/local/texlive/2021/texmf-dis
t/fonts/type1/public/cm-super/sfti0600.pfb></usr/local/texlive/2021/texmf-dist/
fonts/type1/public/cm-super/sfti1200.pfb></usr/local/texlive/2021/texmf-dist/fo
nts/type1/public/cm-super/sftt1000.pfb>
Output written on tango2.pdf (41 pages, 2071780 bytes).
PDF statistics:
 3286 PDF objects out of 3580 (max. 8388607)
 2225 compressed objects within 23 object streams
 115 named destinations out of 1000 (max. 500000)
 193 words of extra memory for PDF output out of 10000 (max. 10000000)

