\BOOKMARK [0][-]{chapter.1}{\376\377\000M\000o\000d\000\350\000l\000e\000\040\000n\000u\000m\000\351\000r\000i\000q\000u\000e\000\040\000d\000u\000\040\000m\000\351\000t\000a\000b\000o\000l\000i\000s\000m\000e\000\040\000b\000a\000c\000t\000\351\000r\000i\000e\000n\000\040\000d\000e\000\040\000l\000a\000\040\000p\000r\000o\000d\000u\000c\000t\000i\000o\000n\000\040\000d\000'\000u\000n\000\040\000f\000r\000o\000m\000a\000g\000e}{}% 1
\BOOKMARK [1][-]{section.1.1}{\376\377\000I\000n\000t\000r\000o\000d\000u\000c\000t\000i\000o\000n}{chapter.1}% 2
\BOOKMARK [1][-]{section.1.2}{\376\377\000R\000\351\000s\000u\000l\000t\000a\000t\000s}{chapter.1}% 3
\BOOKMARK [2][-]{subsection.1.2.1}{\376\377\000L\000e\000s\000\040\000m\000o\000d\000\350\000l\000e\000s\000\040\000m\000\351\000t\000a\000b\000o\000l\000i\000q\000u\000e\000s\000\040\000i\000n\000d\000i\000v\000i\000d\000u\000e\000l\000s\000\040\000i\000d\000e\000n\000t\000i\000f\000i\000e\000n\000t\000\040\000d\000e\000s\000\040\000v\000o\000i\000e\000s\000\040\000m\000\351\000t\000a\000b\000o\000l\000i\000q\000u\000e\000s\000\040\000s\000p\000\351\000c\000i\000f\000i\000q\000u\000e\000s\000\040\000d\000a\000n\000s\000\040\000l\000e\000\040\000l\000a\000i\000t}{section.1.2}% 4
\BOOKMARK [3][-]{subsubsection.1.2.1.1}{\376\377\000M\000\351\000t\000a\000b\000o\000l\000i\000s\000m\000e\000\040\000d\000e\000s\000\040\000b\000a\000c\000t\000\351\000r\000i\000e\000s\000\040\000l\000a\000c\000t\000i\000q\000u\000e\000s}{subsection.1.2.1}% 5
\BOOKMARK [3][-]{subsubsection.1.2.1.2}{\376\377\000L\000e\000\040\000m\000\351\000t\000a\000b\000o\000l\000i\000s\000m\000e\000\040\000d\000e\000\040\000P\000.\000\040\000f\000r\000e\000u\000d\000e\000n\000r\000e\000i\000c\000h\000i\000i}{subsection.1.2.1}% 6
\BOOKMARK [2][-]{subsection.1.2.2}{\376\377\000O\000p\000t\000i\000m\000i\000s\000a\000t\000i\000o\000n\000\040\000d\000y\000n\000a\000m\000i\000q\000u\000e\000\040\000d\000e\000s\000\040\000m\000o\000d\000\350\000l\000e\000s\000\040\000i\000n\000d\000i\000v\000i\000d\000u\000e\000l\000s}{section.1.2}% 7
\BOOKMARK [2][-]{subsection.1.2.3}{\376\377\000L\000e\000\040\000s\000u\000i\000v\000i\000e\000\040\000d\000e\000\040\000l\000a\000\040\000p\000r\000o\000d\000u\000c\000t\000i\000o\000n\000\040\000d\000e\000s\000\040\000m\000\351\000t\000a\000b\000o\000l\000i\000t\000e\000s\000\040\000d\000a\000n\000s\000\040\000l\000e\000s\000\040\000c\000o\000n\000d\000i\000t\000i\000o\000n\000s\000\040\000d\000e\000\040\000c\000o\000-\000c\000u\000l\000t\000u\000r\000e\000s\000\040\000p\000a\000r\000\040\000l\000e\000\040\000m\000o\000d\000\350\000l\000e\000\040\000d\000e\000\040\000c\000o\000m\000m\000u\000n\000a\000u\000t\000\351}{section.1.2}% 8
\BOOKMARK [2][-]{subsection.1.2.4}{\376\377\000L\000e\000s\000\040\000i\000n\000t\000e\000r\000a\000c\000t\000i\000o\000n\000s\000\040\000b\000a\000c\000t\000\351\000r\000i\000e\000n\000n\000e\000s\000\040\000d\000y\000n\000a\000m\000i\000q\000u\000e\000s\000\040\000a\000u\000\040\000s\000e\000i\000n\000\040\000d\000e\000\040\000l\000a\000\040\000c\000o\000m\000m\000u\000n\000a\000u\000t\000\351}{section.1.2}% 9
\BOOKMARK [1][-]{section.1.3}{\376\377\000D\000i\000s\000c\000u\000s\000s\000i\000o\000n}{chapter.1}% 10
\BOOKMARK [1][-]{section.1.4}{\376\377\000M\000a\000t\000e\000r\000i\000e\000l\000s\000\040\000e\000t\000\040\000m\000e\000t\000h\000o\000d\000e\000s}{chapter.1}% 11
\BOOKMARK [2][-]{subsection.1.4.1}{\376\377\000D\000o\000n\000n\000\351\000e\000s\000\040\000b\000i\000o\000l\000o\000g\000i\000q\000u\000e\000s}{section.1.4}% 12
\BOOKMARK [3][-]{subsubsection.1.4.1.1}{\376\377\000C\000o\000m\000p\000o\000s\000i\000t\000i\000o\000n\000\040\000c\000o\000m\000m\000u\000n\000a\000u\000t\000\351\000.}{subsection.1.4.1}% 13
\BOOKMARK [3][-]{subsubsection.1.4.1.2}{\376\377\000F\000a\000b\000r\000i\000c\000a\000t\000i\000o\000n\000\040\000d\000e\000\040\000f\000r\000o\000m\000a\000g\000e\000\040\000e\000t\000\040\000c\000o\000l\000l\000e\000c\000t\000e\000\040\000d\000e\000s\000\040\000\351\000c\000h\000a\000n\000t\000i\000l\000l\000o\000n\000s\000.}{subsection.1.4.1}% 14
\BOOKMARK [3][-]{subsubsection.1.4.1.3}{\376\377\000E\000x\000p\000\351\000r\000i\000e\000n\000c\000e\000s\000\040\000d\000e\000\040\000c\000u\000l\000t\000u\000r\000e\000\040\000s\000o\000u\000c\000h\000e\000\040\000s\000p\000\351\000c\000i\000f\000i\000q\000u\000e\000.}{subsection.1.4.1}% 15
\BOOKMARK [3][-]{subsubsection.1.4.1.4}{\376\377\000D\000o\000n\000n\000\351\000e\000s\000\040\000m\000\351\000t\000a\000t\000r\000a\000n\000s\000c\000r\000i\000p\000t\000o\000m\000i\000q\000u\000e\000s\000.}{subsection.1.4.1}% 16
\BOOKMARK [3][-]{subsubsection.1.4.1.5}{\376\377\000M\000\351\000t\000a\000b\000o\000l\000o\000m\000i\000q\000u\000e\000s\000\040\000c\000i\000b\000l\000\351\000e\000s\000.}{subsection.1.4.1}% 17
\BOOKMARK [2][-]{subsection.1.4.2}{\376\377\000M\000o\000d\000e\000l\000i\000s\000a\000t\000i\000o\000n\000\040\000m\000\351\000t\000a\000b\000o\000l\000i\000q\000u\000e}{section.1.4}% 18
\BOOKMARK [3][-]{subsubsection.1.4.2.1}{\376\377\000S\000\351\000q\000u\000e\000n\000\347\000a\000g\000e\000\040\000d\000u\000\040\000g\000\351\000n\000o\000m\000e\000.}{subsection.1.4.2}% 19
\BOOKMARK [3][-]{subsubsection.1.4.2.2}{\376\377\000R\000e\000c\000o\000n\000s\000t\000r\000u\000c\000t\000i\000o\000n\000\040\000d\000e\000\040\000m\000o\000d\000\350\000l\000e\000\040\000m\000\351\000t\000a\000b\000o\000l\000i\000q\000u\000e\000s\000\040\000\340\000\040\000l\000'\000\351\000c\000h\000e\000l\000l\000e\000\040\000d\000u\000\040\000g\000\351\000n\000o\000m\000e\000.}{subsection.1.4.2}% 20
\BOOKMARK [3][-]{subsubsection.1.4.2.3}{\376\377\000A\000n\000a\000l\000y\000s\000e\000\040\000p\000a\000r\000\040\000\351\000q\000u\000i\000l\000i\000b\000r\000e\000\040\000d\000e\000s\000\040\000f\000l\000u\000x\000.}{subsection.1.4.2}% 21
\BOOKMARK [3][-]{subsubsection.1.4.2.4}{\376\377\000R\000a\000f\000f\000i\000n\000e\000m\000e\000n\000t\000\040\000m\000a\000n\000u\000e\000l\000\040\000d\000e\000s\000\040\000G\000E\000M\000s}{subsection.1.4.2}% 22
\BOOKMARK [3][-]{subsubsection.1.4.2.5}{\376\377\000M\000o\000d\000\351\000l\000i\000s\000a\000t\000i\000o\000n\000\040\000d\000y\000n\000a\000m\000i\000q\000u\000e}{subsection.1.4.2}% 23
\BOOKMARK [3][-]{subsubsection.1.4.2.6}{\376\377\000I\000m\000p\000l\000e\000m\000e\000n\000t\000a\000t\000i\000o\000n\000\040\000n\000u\000m\000\351\000r\000i\000q\000u\000e}{subsection.1.4.2}% 24
\BOOKMARK [2][-]{subsection.1.4.3}{\376\377\000A\000j\000u\000s\000t\000e\000m\000e\000n\000t\000\040\000d\000u\000\040\000m\000o\000d\000\350\000l\000e}{section.1.4}% 25
\BOOKMARK [2][-]{subsection.1.4.4}{\376\377\000I\000n\000f\000\351\000r\000e\000n\000c\000e\000\040\000d\000e\000s\000\040\000i\000n\000t\000e\000r\000a\000c\000t\000i\000o\000n\000s\000\040\000m\000e\000t\000a\000b\000o\000l\000i\000q\000u\000e\000s}{section.1.4}% 26
\BOOKMARK [2][-]{subsection.1.4.5}{\376\377\000V\000i\000s\000u\000a\000l\000i\000s\000a\000t\000i\000o\000n\000\040\000e\000t\000\040\000a\000n\000a\000l\000y\000s\000e\000s\000\040\000s\000t\000a\000t\000i\000s\000t\000i\000q\000u\000e\000s}{section.1.4}% 27
\BOOKMARK [2][-]{subsection.1.4.6}{\376\377\000C\000o\000d\000e\000\040\000e\000t\000\040\000d\000i\000s\000p\000o\000n\000i\000b\000i\000l\000i\000t\000\351\000\040\000d\000e\000s\000\040\000d\000o\000n\000n\000\351\000e\000s}{section.1.4}% 28
\BOOKMARK [1][-]{section.1.5}{\376\377\000C\000o\000n\000c\000l\000u\000s\000i\000o\000n}{chapter.1}% 29
