\BOOKMARK [0][-]{chapter*.2}{\376\377\000R\000\351\000s\000u\000m\000\351}{}% 1
\BOOKMARK [0][-]{chapter*.3}{\376\377\000R\000e\000m\000e\000r\000c\000i\000e\000m\000e\000n\000t\000s}{}% 2
\BOOKMARK [0][-]{chapter*.4}{\376\377\000I\000n\000t\000r\000o\000d\000u\000c\000t\000i\000o\000n}{}% 3
\BOOKMARK [1][-]{section.0.1}{\376\377\000M\000o\000d\000\350\000l\000e\000\040\000i\000n\000\040\000s\000i\000l\000i\000c\000o\000\040\000p\000o\000u\000r\000\040\000\351\000t\000u\000d\000i\000e\000r\000\040\000l\000a\000\040\000m\000i\000c\000r\000o\000b\000i\000o\000l\000o\000g\000i\000e}{chapter*.4}% 4
\BOOKMARK [1][-]{section.0.2}{\376\377\000L\000a\000\040\000b\000i\000o\000l\000o\000g\000i\000e\000\040\000d\000e\000s\000\040\000s\000y\000s\000t\000\350\000m\000e\000s\000\040\000c\000o\000m\000m\000e\000\040\000s\000u\000p\000p\000o\000r\000t\000\040\000d\000e\000\040\000l\000'\000\351\000t\000u\000d\000e\000\040\000d\000u\000\040\000m\000\351\000t\000a\000b\000o\000l\000i\000s\000m\000e}{chapter*.4}% 5
\BOOKMARK [1][-]{section.0.3}{\376\377\000O\000b\000j\000e\000c\000t\000i\000f\000s\000\040\000d\000e\000\040\000l\000a\000\040\000t\000h\000\350\000s\000e}{chapter*.4}% 6
\BOOKMARK [0][-]{chapter.1}{\376\377\000M\000o\000d\000\351\000l\000i\000s\000a\000t\000i\000o\000n\000\040\000d\000u\000\040\000m\000\351\000t\000a\000b\000o\000l\000i\000s\000m\000e\000:\000\040\000d\000'\000u\000n\000e\000\040\000c\000e\000l\000l\000u\000l\000e\000\040\000\340\000\040\000u\000n\000\040\000\351\000c\000o\000s\000y\000s\000t\000\350\000m\000e}{}% 7
\BOOKMARK [1][-]{section.1.1}{\376\377\000L\000e\000s\000\040\000m\000o\000d\000\350\000l\000e\000s\000\040\000d\000u\000\040\000m\000\351\000t\000a\000b\000o\000l\000i\000s\000m\000e\000\040\000c\000o\000m\000m\000e\000\040\000s\000u\000p\000p\000o\000r\000t\000\040\000d\000e\000\040\000l\000'\000a\000n\000a\000l\000y\000s\000e\000\040\000m\000i\000c\000r\000o\000b\000i\000e\000n\000n\000e}{chapter.1}% 8
\BOOKMARK [2][-]{subsection.1.1.1}{\376\377\000R\000e\000c\000o\000n\000s\000t\000r\000u\000c\000t\000i\000o\000n\000\040\000d\000e\000\040\000r\000\351\000s\000e\000a\000u\000x\000\040\000m\000\351\000t\000a\000b\000o\000l\000i\000q\000u\000e\000s}{section.1.1}% 9
\BOOKMARK [2][-]{subsection.1.1.2}{\376\377\000R\000e\000p\000r\000\351\000s\000e\000n\000t\000a\000t\000i\000o\000n\000s\000\040\000m\000a\000t\000h\000\351\000m\000a\000t\000i\000q\000u\000e\000s\000\040\000e\000t\000\040\000i\000n\000f\000o\000r\000m\000a\000t\000i\000q\000u\000e\000s\000\040\000d\000u\000\040\000m\000\351\000t\000a\000b\000o\000l\000i\000s\000m\000e}{section.1.1}% 10
\BOOKMARK [3][-]{subsubsection.1.1.2.1}{\376\377\000M\000a\000t\000r\000i\000c\000e\000\040\000s\000t\001\123\000c\000h\000i\000o\000m\000\351\000t\000r\000i\000q\000u\000e}{subsection.1.1.2}% 11
\BOOKMARK [3][-]{subsubsection.1.1.2.2}{\376\377\000G\000r\000a\000p\000h\000e}{subsection.1.1.2}% 12
\BOOKMARK [2][-]{subsection.1.1.3}{\376\377\000A\000n\000a\000l\000y\000s\000e\000\040\000s\000t\000r\000u\000c\000t\000u\000r\000e\000l\000l\000e\000\040\000d\000e\000\040\000r\000\351\000s\000e\000a\000u\000x\000\040\000m\000\351\000t\000a\000b\000o\000l\000i\000q\000u\000e\000s}{section.1.1}% 13
\BOOKMARK [1][-]{section.1.2}{\376\377\000M\000o\000d\000\351\000l\000i\000s\000a\000t\000i\000o\000n\000\040\000m\000\351\000t\000a\000b\000o\000l\000i\000q\000u\000e\000\040\000\340\000\040\000l\000'\000\351\000c\000h\000e\000l\000l\000e\000\040\000d\000'\000u\000n\000\040\000g\000\351\000n\000o\000m\000e}{chapter.1}% 14
\BOOKMARK [2][-]{subsection.1.2.1}{\376\377\000M\000\351\000t\000h\000o\000d\000e\000s\000\040\000n\000u\000m\000\351\000r\000i\000q\000u\000e\000s\000\040\000d\000'\000u\000n\000\040\000r\000\351\000s\000e\000a\000u\000\040\000m\000\351\000t\000a\000b\000o\000l\000i\000q\000u\000e}{section.1.2}% 15
\BOOKMARK [3][-]{subsubsection.1.2.1.1}{\376\377\000C\000o\000n\000s\000t\000a\000n\000t\000e\000s\000\040\000c\000i\000n\000\351\000t\000i\000q\000u\000e\000s\000\040\000d\000e\000s\000\040\000r\000\351\000a\000c\000t\000i\000o\000n\000s}{subsection.1.2.1}% 16
\BOOKMARK [3][-]{subsubsection.1.2.1.2}{\376\377\000C\000o\000n\000t\000r\000a\000i\000n\000t\000e\000s\000\040\000n\000u\000m\000\351\000r\000i\000q\000u\000e\000s}{subsection.1.2.1}% 17
\BOOKMARK [3][-]{subsubsection.1.2.1.3}{\376\377\000I\000n\000t\000\351\000g\000r\000a\000t\000i\000o\000n\000\040\000d\000e\000\040\000d\000o\000n\000n\000\351\000e\000s\000\040\000m\000u\000l\000t\000i\000-\000o\000m\000i\000q\000u\000e\000s}{subsection.1.2.1}% 18
\BOOKMARK [2][-]{subsection.1.2.2}{\376\377\000M\000\351\000t\000h\000o\000d\000e\000s\000\040\000q\000u\000a\000l\000i\000t\000a\000t\000i\000v\000e\000s\000\040\000d\000'\000a\000n\000a\000l\000y\000s\000e\000\040\000d\000'\000u\000n\000\040\000r\000\351\000s\000e\000a\000u\000\040\000m\000\351\000t\000a\000b\000o\000l\000i\000q\000u\000e}{section.1.2}% 19
\BOOKMARK [3][-]{subsubsection.1.2.2.1}{\376\377\000R\000\351\000s\000o\000l\000u\000t\000i\000o\000n\000\040\000d\000e\000\040\000p\000r\000o\000b\000l\000\350\000m\000e\000s\000\040\000S\000A\000T\000\040\000e\000t\000\040\000S\000A\000T\000\040\000d\000\351\000r\000i\000v\000\351\000s\000\040}{subsection.1.2.2}% 20
\BOOKMARK [3][-]{subsubsection.1.2.2.2}{\376\377\000G\000r\000a\000p\000h\000e\000s}{subsection.1.2.2}% 21
\BOOKMARK [3][-]{subsubsection.1.2.2.3}{\376\377\000P\000r\000o\000b\000l\000\350\000m\000e\000\040\000S\000A\000T}{subsection.1.2.2}% 22
\BOOKMARK [3][-]{subsubsection.1.2.2.4}{\376\377\000A\000p\000p\000l\000i\000c\000a\000t\000i\000o\000n\000\040\000\340\000\040\000d\000e\000s\000\040\000p\000r\000o\000b\000l\000\350\000m\000e\000s\000\040\000b\000i\000o\000l\000o\000g\000i\000q\000u\000e\000s}{subsection.1.2.2}% 23
\BOOKMARK [2][-]{subsection.1.2.3}{\376\377\000D\000\351\000f\000i\000s\000\040\000r\000e\000n\000c\000o\000n\000t\000r\000\351\000s\000\040\000l\000o\000r\000s\000\040\000d\000e\000\040\000l\000a\000\040\000m\000o\000d\000\351\000l\000i\000s\000a\000t\000i\000o\000n\000\040\000q\000u\000a\000l\000i\000t\000a\000t\000i\000v\000e\000\040\000e\000t\000\040\000n\000u\000m\000\351\000r\000i\000q\000u\000e\000\040\000d\000'\000u\000n\000e\000\040\000c\000e\000l\000l\000u\000l\000e}{section.1.2}% 24
\BOOKMARK [2][-]{subsection.1.2.4}{\376\377\000M\000\351\000t\000h\000o\000d\000e\000s\000\040\000h\000y\000b\000r\000i\000d\000e\000s\000\040\000d\000e\000\040\000m\000o\000d\000\351\000l\000i\000s\000a\000t\000i\000o\000n\000\040\000\340\000\040\000l\000'\000\351\000c\000h\000e\000l\000l\000e\000\040\000d\000'\000u\000n\000\040\000m\000o\000d\000\350\000l\000e\000\040\000m\000\351\000t\000a\000b\000o\000l\000i\000q\000u\000e}{section.1.2}% 25
\BOOKMARK [3][-]{subsubsection.1.2.4.1}{\376\377\000I\000n\000d\000\351\000p\000e\000n\000d\000a\000n\000t\000s}{subsection.1.2.4}% 26
\BOOKMARK [3][-]{subsubsection.1.2.4.2}{\376\377\000C\000o\000u\000p\000l\000\351}{subsection.1.2.4}% 27
\BOOKMARK [1][-]{section.1.3}{\376\377\000M\000o\000d\000\351\000l\000i\000s\000a\000t\000i\000o\000n\000\040\000d\000u\000\040\000m\000\351\000t\000a\000b\000o\000l\000i\000s\000m\000e\000\040\000d\000e\000s\000\040\000\351\000c\000o\000s\000y\000s\000t\000\350\000m\000e\000s\000\040\000m\000i\000c\000r\000o\000b\000i\000e\000n\000s}{chapter.1}% 28
\BOOKMARK [2][-]{subsection.1.3.1}{\376\377\000M\000\351\000t\000h\000o\000d\000e\000s\000\040\000n\000u\000m\000\351\000r\000i\000q\000u\000e\000s\000\040\000a\000p\000p\000l\000i\000q\000u\000\351\000e\000s\000\040\000\340\000\040\000p\000l\000u\000s\000i\000e\000u\000r\000s\000\040\000r\000\351\000s\000e\000a\000u\000x\000\040\000m\000\351\000t\000a\000b\000o\000l\000i\000q\000u\000e\000s}{section.1.3}% 29
\BOOKMARK [3][-]{subsubsection.1.3.1.1}{\376\377\000\311\000q\000u\000a\000t\000i\000o\000n\000s\000\040\000d\000i\000f\000f\000\351\000r\000e\000n\000t\000i\000e\000l\000l\000e\000s\000\040\000o\000r\000d\000i\000n\000a\000i\000r\000e\000s\000\040\000\050\000O\000D\000E\000\051}{subsection.1.3.1}% 30
\BOOKMARK [3][-]{subsubsection.1.3.1.2}{\376\377\000A\000n\000a\000l\000y\000s\000e\000\040\000s\000t\000a\000t\000i\000q\000u\000e\000\040\000s\000o\000u\000s\000\040\000c\000o\000n\000t\000r\000a\000i\000n\000t\000e\000s}{subsection.1.3.1}% 31
\BOOKMARK [3][-]{subsubsection.1.3.1.3}{\376\377\000A\000n\000a\000l\000y\000s\000e\000\040\000d\000y\000n\000a\000m\000i\000q\000u\000e\000\040\000s\000o\000u\000s\000\040\000c\000o\000n\000t\000r\000a\000i\000n\000t\000e\000s}{subsection.1.3.1}% 32
\BOOKMARK [2][-]{subsection.1.3.2}{\376\377\000A\000p\000p\000l\000i\000c\000a\000t\000i\000o\000n\000s}{section.1.3}% 33
\BOOKMARK [2][-]{subsection.1.3.3}{\376\377\000M\000\351\000t\000h\000o\000d\000e\000s\000\040\000e\000t\000\040\000m\000o\000d\000\350\000l\000e\000s\000\040\000q\000u\000a\000l\000i\000t\000a\000t\000i\000f\000s\000\040\000d\000e\000\040\000l\000'\000\351\000t\000u\000d\000e\000\040\000d\000'\000u\000n\000e\000\040\000c\000o\000m\000m\000u\000n\000a\000u\000t\000\351\000\040\000b\000a\000c\000t\000\351\000r\000i\000e\000n\000n\000e}{section.1.3}% 34
\BOOKMARK [3][-]{subsubsection.1.3.3.1}{\376\377\000A\000p\000p\000r\000o\000c\000h\000e\000s\000\040\000b\000a\000s\000\351\000e\000s\000\040\000s\000u\000r\000\040\000l\000e\000s\000\040\000g\000r\000a\000p\000h\000e\000s}{subsection.1.3.3}% 35
\BOOKMARK [3][-]{subsubsection.1.3.3.2}{\376\377\000M\000o\000d\000\350\000l\000e\000\040\000b\000a\000s\000\351\000s\000\040\000s\000u\000r\000\040\000l\000e\000\040\000r\000a\000i\000s\000o\000n\000n\000e\000m\000e\000n\000t}{subsection.1.3.3}% 36
\BOOKMARK [2][-]{subsection.1.3.4}{\376\377\000D\000\351\000f\000i\000s\000\040\000r\000e\000n\000c\000o\000n\000t\000r\000\351\000s\000\040\000l\000o\000r\000s\000\040\000d\000e\000\040\000l\000'\000a\000n\000a\000l\000y\000s\000e\000\040\000d\000e\000\040\000l\000a\000\040\000m\000o\000d\000\351\000l\000i\000s\000a\000t\000i\000o\000n\000\040\000q\000u\000a\000l\000i\000t\000a\000t\000i\000v\000e\000\040\000e\000t\000\040\000q\000u\000a\000n\000t\000i\000t\000a\000t\000i\000v\000e\000\040\000d\000u\000\040\000m\000\351\000t\000a\000b\000o\000l\000i\000s\000m\000e\000\040\000d\000e\000s\000\040\000c\000o\000m\000m\000u\000n\000a\000u\000t\000\351\000s}{section.1.3}% 37
\BOOKMARK [0][-]{chapter.2}{\376\377\000M\000o\000d\000\350\000l\000e\000\040\000n\000u\000m\000\351\000r\000i\000q\000u\000e\000\040\000d\000u\000\040\000m\000\351\000t\000a\000b\000o\000l\000i\000s\000m\000e\000\040\000b\000a\000c\000t\000\351\000r\000i\000e\000n\000\040\000a\000u\000\040\000c\000o\000u\000r\000s\000\040\000d\000e\000\040\000l\000a\000\040\000p\000r\000o\000d\000u\000c\000t\000i\000o\000n\000\040\000d\000'\000u\000n\000\040\000f\000r\000o\000m\000a\000g\000e}{}% 38
\BOOKMARK [1][-]{section.2.1}{\376\377\000I\000n\000t\000r\000o\000d\000u\000c\000t\000i\000o\000n}{chapter.2}% 39
\BOOKMARK [1][-]{section.2.2}{\376\377\000M\000\351\000t\000h\000o\000d\000e\000\040\000p\000o\000u\000r\000\040\000l\000a\000\040\000c\000o\000n\000s\000t\000r\000u\000c\000t\000i\000o\000n\000\040\000d\000'\000u\000n\000\040\000m\000o\000d\000\350\000l\000e\000\040\000n\000u\000m\000\351\000r\000i\000q\000u\000e\000\040\000d\000u\000\040\000m\000\351\000t\000a\000b\000o\000l\000i\000s\000m\000e}{chapter.2}% 40
\BOOKMARK [2][-]{subsection.2.2.1}{\376\377\000P\000r\000\351\000s\000e\000n\000t\000a\000t\000i\000o\000n\000\040\000d\000e\000s\000\040\000d\000o\000n\000n\000\351\000e\000s}{section.2.2}% 41
\BOOKMARK [3][-]{subsubsection.2.2.1.1}{\376\377\000D\000o\000n\000n\000\351\000e\000s\000\040\000o\000m\000i\000q\000u\000e\000s}{subsection.2.2.1}% 42
\BOOKMARK [3][-]{subsubsection.2.2.1.2}{\376\377\000D\000o\000n\000n\000\351\000e\000s\000\040\000d\000e\000\040\000c\000a\000l\000i\000b\000r\000a\000t\000i\000o\000n}{subsection.2.2.1}% 43
\BOOKMARK [2][-]{subsection.2.2.2}{\376\377\000D\000u\000\040\000g\000\351\000n\000o\000m\000e\000\040\000a\000n\000n\000o\000t\000\351\000\040\000a\000u\000\040\000r\000\351\000s\000e\000a\000u\000\040\000m\000\351\000t\000a\000b\000o\000l\000i\000q\000u\000e\000\040\000\340\000\040\000l\000'\000\351\000c\000h\000e\000l\000l\000e\000\040\000d\000u\000\040\000g\000\351\000n\000o\000m\000e}{section.2.2}% 44
\BOOKMARK [2][-]{subsection.2.2.3}{\376\377\000M\000o\000d\000\351\000l\000i\000s\000a\000t\000i\000o\000n\000\040\000e\000t\000\040\000i\000m\000p\000l\000\351\000m\000e\000n\000t\000a\000t\000i\000o\000n\000\040\000n\000u\000m\000\351\000r\000i\000q\000u\000e}{section.2.2}% 45
\BOOKMARK [2][-]{subsection.2.2.4}{\376\377\000R\000a\000f\000f\000i\000n\000e\000m\000e\000n\000t\000\040\000d\000e\000s\000\040\000m\000o\000d\000\350\000l\000e\000s\000\040\000m\000\351\000t\000a\000b\000o\000l\000i\000q\000u\000e\000s\000\040\000i\000n\000d\000i\000v\000i\000d\000u\000e\000l\000s}{section.2.2}% 46
\BOOKMARK [2][-]{subsection.2.2.5}{\376\377\000C\000a\000l\000i\000b\000r\000a\000t\000i\000o\000n\000\040\000d\000e\000s\000\040\000m\000o\000d\000\350\000l\000e\000s\000\040\000m\000\351\000t\000a\000b\000o\000l\000i\000q\000u\000e\000s\000\040\000i\000n\000d\000i\000v\000i\000d\000u\000e\000l\000s}{section.2.2}% 47
\BOOKMARK [1][-]{section.2.3}{\376\377\000A\000p\000p\000l\000i\000c\000a\000t\000i\000o\000n\000\040\000d\000e\000\040\000l\000a\000\040\000m\000\351\000t\000h\000o\000d\000e\000\040\000n\000u\000m\000\351\000r\000i\000q\000u\000e\000\040\000s\000u\000r\000\040\0003\000\040\000s\000o\000u\000c\000h\000e\000s\000\040\000d\000u\000\040\000f\000r\000o\000m\000a\000g\000e}{chapter.2}% 48
\BOOKMARK [2][-]{subsection.2.3.1}{\376\377\000A\000\040\000l\000'\000\351\000c\000h\000e\000l\000l\000e\000\040\000d\000e\000\040\000c\000h\000a\000q\000u\000e\000\040\000s\000o\000u\000c\000h\000e}{section.2.3}% 49
\BOOKMARK [2][-]{subsection.2.3.2}{\376\377\000S\000i\000m\000u\000l\000a\000t\000i\000o\000n\000s\000\040\000\340\000\040\000l\000'\000\351\000c\000h\000e\000l\000l\000e\000\040\000d\000e\000\040\000l\000a\000\040\000c\000o\000m\000m\000u\000n\000a\000u\000t\000\351}{section.2.3}% 50
\BOOKMARK [2][-]{subsection.2.3.3}{\376\377\000I\000n\000t\000e\000r\000a\000c\000t\000i\000o\000n\000s\000\040\000b\000a\000c\000t\000\351\000r\000i\000e\000n\000n\000e\000s\000\040\000e\000t\000\040\000e\000x\000p\000l\000o\000r\000a\000t\000i\000o\000n\000\040\000d\000u\000\040\000m\000o\000d\000\350\000l\000e\000\040\000d\000e\000\040\000c\000o\000m\000m\000u\000n\000a\000u\000t\000\351}{section.2.3}% 51
\BOOKMARK [1][-]{section.2.4}{\376\377\000D\000i\000s\000c\000u\000s\000s\000i\000o\000n\000\040\000e\000t\000\040\000C\000o\000n\000c\000l\000u\000s\000i\000o\000n}{chapter.2}% 52
\BOOKMARK [0][-]{chapter.3}{\376\377\000M\000o\000d\000\350\000l\000e\000\040\000d\000i\000s\000c\000r\000e\000t\000\040\000p\000o\000u\000r\000\040\000l\000e\000\040\000c\000r\000i\000b\000l\000a\000g\000e\000\040\000h\000a\000u\000t\000-\000d\000\351\000b\000i\000t\000\040\000d\000u\000\040\000p\000o\000t\000e\000n\000t\000i\000e\000l\000\040\000d\000'\000i\000n\000t\000e\000r\000a\000c\000t\000i\000o\000n\000\040\000m\000\351\000t\000a\000b\000o\000l\000i\000q\000u\000e\000\040\000d\000a\000n\000s\000\040\000l\000e\000s\000\040\000\351\000c\000o\000s\000y\000s\000t\000\350\000m\000e\000s\000\040\000m\000i\000c\000r\000o\000b\000i\000e\000n\000s\000\040\000c\000o\000m\000p\000l\000e\000x\000e\000s}{}% 53
\BOOKMARK [1][-]{section.3.1}{\376\377\000I\000n\000t\000r\000o\000d\000u\000c\000t\000i\000o\000n}{chapter.3}% 54
\BOOKMARK [1][-]{section.3.2}{\376\377\000M\000\351\000t\000h\000o\000d\000e\000\040\000p\000o\000u\000r\000\040\000c\000a\000l\000c\000u\000l\000e\000r\000\040\000u\000n\000\040\000s\000c\000o\000r\000e\000\040\000d\000'\000i\000n\000t\000e\000r\000a\000c\000t\000i\000o\000n\000\040\000\340\000\040\000p\000a\000r\000t\000i\000r\000\040\000d\000'\000u\000n\000e\000\040\000b\000a\000s\000e\000\040\000d\000e\000\040\000c\000o\000n\000n\000a\000i\000s\000s\000a\000n\000c\000e}{chapter.3}% 55
\BOOKMARK [2][-]{subsection.3.2.1}{\376\377\000B\000a\000s\000e\000\040\000d\000e\000\040\000f\000a\000i\000t\000s\000\040\000d\040\031\000u\000n\000\040\000r\000\351\000s\000e\000a\000u\000\040\000m\000\351\000t\000a\000b\000o\000l\000i\000q\000u\000e}{section.3.2}% 56
\BOOKMARK [2][-]{subsection.3.2.2}{\376\377\000P\000r\000o\000d\000u\000c\000t\000i\000b\000i\000l\000i\000t\000\351\000\040\000d\000'\000u\000n\000\040\000m\000\351\000t\000a\000b\000o\000l\000i\000t\000e}{section.3.2}% 57
\BOOKMARK [2][-]{subsection.3.2.3}{\376\377\000L\000'\000i\000n\000f\000\351\000r\000e\000n\000c\000e\000\040\000d\000e\000s\000\040\000r\000\350\000g\000l\000e\000s\000\040\000l\000o\000g\000i\000q\000u\000e\000s\000\040\000p\000o\000u\000r\000\040\000c\000a\000l\000c\000u\000l\000e\000r\000\040\000l\000e\000s\000\040\000p\000o\000t\000e\000n\000t\000i\000e\000l\000s\000\040\000d\000e\000\040\000c\000o\000o\000p\000\351\000r\000a\000t\000i\000o\000n\000\040\000e\000t\000\040\000d\000e\000\040\000c\000o\000m\000p\000\351\000t\000i\000t\000i\000o\000n}{section.3.2}% 58
\BOOKMARK [2][-]{subsection.3.2.4}{\376\377\000C\000a\000l\000c\000u\000l\000\040\000d\000e\000s\000\040\000p\000o\000t\000e\000n\000t\000i\000e\000l\000s\000\040\000d\000e\000\040\000c\000o\000o\000p\000\351\000r\000a\000t\000i\000o\000n\000\040\000e\000t\000\040\000d\000e\000\040\000c\000o\000m\000p\000\351\000t\000i\000t\000i\000o\000n\000\040\000\340\000\040\000p\000a\000r\000t\000i\000r\000\040\000d\000e\000s\000\040\000r\000\350\000g\000l\000e\000s\000\040\000l\000o\000g\000i\000q\000u\000e\000s}{section.3.2}% 59
\BOOKMARK [2][-]{subsection.3.2.5}{\376\377\000E\000x\000p\000\351\000r\000i\000e\000n\000c\000e\000s\000\040\000i\000n\000\040\000s\000i\000l\000i\000c\000o\000\040\000p\000o\000u\000r\000\040\000t\000e\000s\000t\000e\000r\000\040\000d\000i\000f\000f\000\351\000r\000e\000n\000t\000e\000s\000\040\000p\000r\000o\000p\000r\000i\000\351\000t\000\351\000s\000\040\000d\000e\000s\000\040\000s\000c\000o\000r\000e\000s}{section.3.2}% 60
\BOOKMARK [3][-]{subsubsection.3.2.5.1}{\376\377\000I\000m\000p\000l\000\351\000m\000e\000n\000t\000a\000t\000i\000o\000n}{subsection.3.2.5}% 61
\BOOKMARK [1][-]{section.3.3}{\376\377\000A\000p\000p\000l\000i\000c\000a\000t\000i\000o\000n\000\040\000e\000t\000\040\000d\000e\000s\000c\000r\000i\000p\000t\000i\000o\000n\000\040\000d\000e\000\040\000n\000o\000t\000r\000e\000\040\000a\000p\000p\000r\000o\000c\000h\000e\000\040\000s\000u\000r\000\040\000d\000e\000s\000\040\000c\000o\000m\000m\000u\000n\000a\000u\000t\000\351\000s\000\040\000j\000o\000u\000e\000t\000s}{chapter.3}% 62
\BOOKMARK [1][-]{section.3.4}{\376\377\000A\000p\000p\000l\000i\000c\000a\000t\000i\000o\000n\000\040\000d\000e\000\040\000n\000o\000t\000r\000e\000\040\000a\000p\000p\000r\000o\000c\000h\000e\000\040\000p\000a\000r\000\040\000r\000a\000i\000s\000o\000n\000n\000e\000m\000e\000n\000t\000\040\000s\000u\000r\000\040\000d\000e\000s\000\040\000c\000o\000m\000m\000u\000n\000a\000u\000t\000\351\000s\000\040\000s\000y\000n\000t\000h\000\351\000t\000i\000q\000u\000e\000s}{chapter.3}% 63
\BOOKMARK [2][-]{subsection.3.4.1}{\376\377\000D\000e\000s\000c\000r\000i\000p\000t\000i\000o\000n\000\040\000d\000e\000s\000\040\000p\000o\000t\000e\000n\000t\000i\000e\000l\000s\000\040\000d\000e\000\040\000c\000o\000o\000p\000\351\000r\000a\000t\000i\000o\000n\000\040\000e\000t\000\040\000d\000e\000\040\000c\000o\000m\000p\000\351\000t\000i\000t\000i\000o\000n\000\040\000\340\000\040\000t\000r\000a\000v\000e\000r\000s\000\040\000d\000i\000f\000f\000\351\000r\000e\000n\000t\000s\000\040\000\351\000c\000o\000s\000y\000s\000t\000\350\000m\000e\000s}{section.3.4}% 64
\BOOKMARK [2][-]{subsection.3.4.2}{\376\377\000C\000o\000m\000p\000a\000r\000a\000i\000s\000o\000n\000\040\000a\000v\000e\000c\000\040\000d\000e\000s\000\040\000m\000\351\000t\000h\000o\000d\000e\000s\000\040\000b\000a\000s\000\351\000e\000s\000\040\000s\000u\000r\000\040\000d\000e\000s\000\040\000c\000o\000n\000t\000r\000a\000i\000n\000t\000e\000s\000\040\000e\000t\000\040\000a\000p\000p\000l\000i\000c\000a\000t\000i\000o\000n\000\040\000\340\000\040\000d\000e\000s\000\040\000d\000o\000n\000n\000\351\000e\000s\000\040\000e\000x\000p\000\351\000r\000i\000m\000e\000n\000t\000a\000l\000e\000s}{section.3.4}% 65
\BOOKMARK [1][-]{section.3.5}{\376\377\000D\000i\000s\000c\000u\000s\000s\000i\000o\000n\000\040\000e\000t\000\040\000c\000o\000n\000c\000l\000u\000s\000i\000o\000n}{chapter.3}% 66
\BOOKMARK [0][-]{chapter.4}{\376\377\000E\000n\000r\000i\000c\000h\000i\000s\000s\000e\000m\000e\000n\000t\000\040\000d\000e\000s\000\040\000m\000o\000d\000\350\000l\000e\000s\000\040\000q\000u\000a\000l\000i\000t\000a\000t\000i\000f\000s\000\040\000:\000\040\000M\000o\000d\000\350\000l\000e\000\040\000d\000e\000\040\000l\000o\000g\000i\000q\000u\000e\000\040\000l\000i\000n\000\351\000a\000i\000r\000e\000\040\000t\000e\000m\000p\000o\000r\000e\000l\000\040\000e\000t\000\040\000p\000r\000o\000c\000e\000s\000s\000u\000s\000\040\000d\000e\000\040\000s\000\351\000l\000e\000c\000t\000i\000o\000n\000\040\000d\000e\000\040\000c\000o\000m\000m\000u\000n\000a\000u\000t\000\351\000\040\000\340\000\040\000f\000a\000\347\000o\000n\000\040\000[\000M\000L\000\040\040\023\000\040\000N\000E\000\040\000P\000A\000S\000\040\000L\000I\000R\000E\000]}{}% 67
\BOOKMARK [1][-]{section.4.1}{\376\377\000I\000n\000t\000r\000o\000d\000u\000c\000t\000i\000o\000n}{chapter.4}% 68
\BOOKMARK [1][-]{section.4.2}{\376\377\000C\000r\000i\000t\000\350\000r\000e\000s\000\040\000d\000'\000o\000p\000t\000i\000m\000i\000s\000a\000t\000i\000o\000n\000\040\000\340\000\040\000p\000a\000r\000t\000i\000r\000\040\000d\000e\000\040\000c\000o\000n\000t\000r\000a\000i\000n\000t\000e\000s\000\040\000b\000i\000o\000l\000o\000g\000i\000q\000u\000e\000s\000\040\000a\000\040\000p\000r\000i\000o\000r\000i}{chapter.4}% 69
\BOOKMARK [2][-]{subsection.4.2.1}{\376\377\000M\000\351\000t\000h\000o\000d\000o\000l\000o\000g\000i\000e}{section.4.2}% 70
\BOOKMARK [2][-]{subsection.4.2.2}{\376\377\000R\000\351\000s\000u\000l\000t\000a\000t\000s\000\040\000p\000r\000\351\000l\000i\000m\000i\000n\000a\000i\000r\000e\000s}{section.4.2}% 71
\BOOKMARK [1][-]{section.4.3}{\376\377\000D\000i\000s\000c\000u\000s\000s\000i\000o\000n\000\040\000e\000t\000\040\000c\000o\000n\000c\000l\000u\000s\000i\000o\000n}{chapter.4}% 72
\BOOKMARK [1][-]{section.4.4}{\376\377\000I\000n\000t\000\351\000g\000r\000a\000t\000i\000o\000n\000\040\000d\000'\000u\000n\000e\000\040\000t\000e\000m\000p\000o\000r\000a\000l\000i\000t\000\351\000\040\000r\000\351\000a\000c\000t\000i\000o\000n\000n\000e\000l\000l\000e}{chapter.4}% 73
\BOOKMARK [2][-]{subsection.4.4.1}{\376\377\000D\000\351\000m\000a\000r\000c\000h\000e\000\040\000\340\000\040\000s\000u\000i\000v\000r\000e}{section.4.4}% 74
\BOOKMARK [2][-]{subsection.4.4.2}{\376\377\000E\000x\000p\000l\000i\000c\000a\000t\000i\000o\000n\000\040\000d\000e\000s\000\040\000c\000o\000n\000c\000e\000p\000t\000s\000\040\000d\000e\000\040\000C\000a\000b\000a\000l\000a\000r}{section.4.4}% 75
\BOOKMARK [2][-]{subsection.4.4.3}{\376\377\000A\000p\000p\000l\000i\000c\000a\000t\000i\000o\000n\000\040\000d\000e\000\040\000t\000e\000l\000i\000n\000g\000o\000\040\000s\000u\000r\000\040\000d\000e\000s\000\040\000o\000r\000g\000a\000n\000i\000s\000m\000e\000s\000\040\000j\000o\000u\000e\000t\000s}{section.4.4}% 76
\BOOKMARK [1][-]{section.4.5}{\376\377\000A\000p\000p\000l\000i\000c\000a\000t\000i\000o\000n\000\040\000\340\000\040\000u\000n\000e\000\040\000c\000o\000m\000m\000u\000n\000a\000u\000t\000\351\000\040\000s\000i\000m\000p\000l\000i\000f\000i\000\351\000\040\000d\000u\000\040\000c\000h\000a\000p\000i\000t\000r\000e\000\040\0002}{chapter.4}% 77
\BOOKMARK [2][-]{subsection.4.5.1}{\376\377\000C\000a\000s\000\040\000d\000e\000\040\000l\000a\000\040\000p\000l\000a\000n\000i\000f\000i\000c\000a\000t\000i\000o\000n}{section.4.5}% 78
\BOOKMARK [2][-]{subsection.4.5.2}{\376\377\000C\000a\000s\000\040\000d\000'\000e\000x\000p\000l\000i\000c\000a\000t\000i\000o\000n}{section.4.5}% 79
\BOOKMARK [1][-]{section.4.6}{\376\377\000D\000i\000s\000c\000u\000s\000s\000i\000o\000n\000\040\000e\000t\000\040\000c\000o\000n\000c\000l\000u\000s\000i\000o\000n}{chapter.4}% 80
\BOOKMARK [0][-]{chapter.5}{\376\377\000C\000o\000n\000c\000l\000u\000s\000i\000o\000n\000\040\000e\000t\000\040\000p\000e\000r\000s\000p\000e\000c\000t\000i\000v\000e\000s\000\040\000[\000M\000L\000\040\040\023\000\040\000N\000E\000\040\000P\000A\000S\000\040\000L\000I\000R\000E\000]}{}% 81
\BOOKMARK [1][-]{section*.68}{\376\377\000D\000i\000s\000c\000u\000s\000s\000i\000o\000n}{chapter.5}% 82
\BOOKMARK [1][-]{section*.69}{\376\377\000B\000i\000l\000a\000n\000\040\000d\000e\000s\000\040\000c\000o\000n\000t\000r\000i\000b\000u\000t\000i\000o\000n\000s}{chapter.5}% 83
\BOOKMARK [1][-]{section*.70}{\376\377\000P\000e\000r\000s\000p\000e\000c\000t\000i\000v\000e\000s}{chapter.5}% 84
\BOOKMARK [0][-]{chapter*.71}{\376\377\000R\000e\000f\000e\000r\000e\000n\000c\000e}{}% 85
\BOOKMARK [0][-]{appendix*.85}{\376\377\000L\000i\000s\000t\000e\000\040\000d\000e\000s\000\040\000a\000c\000r\000o\000n\000y\000m\000e\000s}{}% 86
\BOOKMARK [0][-]{appendix*.86}{\376\377\000L\000i\000s\000t\000e\000\040\000d\000e\000s\000\040\000F\000i\000g\000u\000r\000e\000s}{}% 87
\BOOKMARK [0][-]{appendix*.87}{\376\377\000L\000i\000s\000t\000e\000\040\000d\000e\000s\000\040\000T\000a\000b\000l\000e\000s}{}% 88
